19-May-2022 14:06:16.638 INFO [main] org.apache.catalina.startup.VersionLoggerListener.log Server version name:   Apache Tomcat/9.0.60
19-May-2022 14:06:16.641 INFO [main] org.apache.catalina.startup.VersionLoggerListener.log Server built:          Mar 9 2022 14:52:25 UTC
19-May-2022 14:06:16.642 INFO [main] org.apache.catalina.startup.VersionLoggerListener.log Server version number: 9.0.60.0
19-May-2022 14:06:16.642 INFO [main] org.apache.catalina.startup.VersionLoggerListener.log OS Name:               Windows 10
19-May-2022 14:06:16.642 INFO [main] org.apache.catalina.startup.VersionLoggerListener.log Версия ОС:             10.0
19-May-2022 14:06:16.643 INFO [main] org.apache.catalina.startup.VersionLoggerListener.log Архитектура:           amd64
19-May-2022 14:06:16.643 INFO [main] org.apache.catalina.startup.VersionLoggerListener.log Java Home:             C:\Program Files\Java\jdk-17.0.1
19-May-2022 14:06:16.643 INFO [main] org.apache.catalina.startup.VersionLoggerListener.log Версия JVM:            17.0.1+12-LTS-39
19-May-2022 14:06:16.643 INFO [main] org.apache.catalina.startup.VersionLoggerListener.log JVM Vendor:            Oracle Corporation
19-May-2022 14:06:16.643 INFO [main] org.apache.catalina.startup.VersionLoggerListener.log CATALINA_BASE:         C:\Users\ayarkin\Desktop\tom\apache-tomcat-9.0.60
19-May-2022 14:06:16.643 INFO [main] org.apache.catalina.startup.VersionLoggerListener.log CATALINA_HOME:         C:\Users\ayarkin\Desktop\tom\apache-tomcat-9.0.60
19-May-2022 14:06:16.657 INFO [main] org.apache.catalina.startup.VersionLoggerListener.log Command line argument: --add-opens=java.base/java.lang=ALL-UNNAMED
19-May-2022 14:06:16.658 INFO [main] org.apache.catalina.startup.VersionLoggerListener.log Command line argument: --add-opens=java.base/java.io=ALL-UNNAMED
19-May-2022 14:06:16.658 INFO [main] org.apache.catalina.startup.VersionLoggerListener.log Command line argument: --add-opens=java.base/java.util=ALL-UNNAMED
19-May-2022 14:06:16.658 INFO [main] org.apache.catalina.startup.VersionLoggerListener.log Command line argument: --add-opens=java.base/java.util.concurrent=ALL-UNNAMED
19-May-2022 14:06:16.658 INFO [main] org.apache.catalina.startup.VersionLoggerListener.log Command line argument: --add-opens=java.rmi/sun.rmi.transport=ALL-UNNAMED
19-May-2022 14:06:16.658 INFO [main] org.apache.catalina.startup.VersionLoggerListener.log Command line argument: -Djava.util.logging.config.file=C:\Users\ayarkin\Desktop\tom\apache-tomcat-9.0.60\conf\logging.properties
19-May-2022 14:06:16.659 INFO [main] org.apache.catalina.startup.VersionLoggerListener.log Command line argument: -Djava.util.logging.manager=org.apache.juli.ClassLoaderLogManager
19-May-2022 14:06:16.659 INFO [main] org.apache.catalina.startup.VersionLoggerListener.log Command line argument: -Djdk.tls.ephemeralDHKeySize=2048
19-May-2022 14:06:16.659 INFO [main] org.apache.catalina.startup.VersionLoggerListener.log Command line argument: -Djava.protocol.handler.pkgs=org.apache.catalina.webresources
19-May-2022 14:06:16.659 INFO [main] org.apache.catalina.startup.VersionLoggerListener.log Command line argument: -Dignore.endorsed.dirs=
19-May-2022 14:06:16.659 INFO [main] org.apache.catalina.startup.VersionLoggerListener.log Command line argument: -Dcatalina.base=C:\Users\ayarkin\Desktop\tom\apache-tomcat-9.0.60
19-May-2022 14:06:16.659 INFO [main] org.apache.catalina.startup.VersionLoggerListener.log Command line argument: -Dcatalina.home=C:\Users\ayarkin\Desktop\tom\apache-tomcat-9.0.60
19-May-2022 14:06:16.660 INFO [main] org.apache.catalina.startup.VersionLoggerListener.log Command line argument: -Djava.io.tmpdir=C:\Users\ayarkin\Desktop\tom\apache-tomcat-9.0.60\temp
19-May-2022 14:06:16.664 INFO [main] org.apache.catalina.core.AprLifecycleListener.lifecycleEvent The Apache Tomcat Native library which allows using OpenSSL was not found on the java.library.path: [C:\Program Files\Java\jdk-17.0.1\bin;C:\WINDOWS\Sun\Java\bin;C:\WINDOWS\system32;C:\WINDOWS;C:\Program Files\Common Files\Oracle\Java\javapath;C:\WINDOWS\system32;C:\WINDOWS;C:\WINDOWS\System32\Wbem;C:\WINDOWS\System32\WindowsPowerShell\v1.0\;C:\WINDOWS\System32\OpenSSH\;C:\Program Files\PuTTY\;C:\Program Files\Git\cmd;"-maven-4.0.0\bin;C:\Program Files\Java\jdk-17.0.1\bin";C:\Users\ayarkin\AppData\Local\Microsoft\WindowsApps;C:\Users\ayarkin\AppData\Local\GitHubDesktop\bin;C:\Program Files\JetBrains\IntelliJ IDEA 2021.3.2\bin;;;.]
19-May-2022 14:06:16.880 INFO [main] org.apache.coyote.AbstractProtocol.init Initializing ProtocolHandler ["http-nio-8080"]
19-May-2022 14:06:16.906 INFO [main] org.apache.catalina.startup.Catalina.load Server initialization in [434] milliseconds
19-May-2022 14:06:16.946 INFO [main] org.apache.catalina.core.StandardService.startInternal Starting service [Catalina]
19-May-2022 14:06:16.946 INFO [main] org.apache.catalina.core.StandardEngine.startInternal Starting Servlet engine: [Apache Tomcat/9.0.60]
19-May-2022 14:06:16.966 INFO [main] org.apache.catalina.startup.HostConfig.deployWAR Deploying web application archive [C:\Users\ayarkin\Desktop\tom\apache-tomcat-9.0.60\webapps\MVC-spring.war]
19-May-2022 14:06:19.976 INFO [main] org.apache.jasper.servlet.TldScanner.scanJars At least one JAR was scanned for TLDs yet contained no TLDs. Enable debug logging for this logger for a complete list of JARs that were scanned but no TLDs were found in them. Skipping unneeded JARs during scanning can improve startup time and JSP compilation time.
19-May-2022 14:06:20.133 INFO [main] org.apache.catalina.startup.HostConfig.deployWAR Deployment of web application archive [C:\Users\ayarkin\Desktop\tom\apache-tomcat-9.0.60\webapps\MVC-spring.war] has finished in [3 166] ms
19-May-2022 14:06:20.134 INFO [main] org.apache.catalina.startup.HostConfig.deployDirectory Установка веб приложения в папку [C:\Users\ayarkin\Desktop\tom\apache-tomcat-9.0.60\webapps\docs]
19-May-2022 14:06:20.157 INFO [main] org.apache.catalina.startup.HostConfig.deployDirectory Deployment of web application directory [C:\Users\ayarkin\Desktop\tom\apache-tomcat-9.0.60\webapps\docs] has finished in [24] ms
19-May-2022 14:06:20.158 INFO [main] org.apache.catalina.startup.HostConfig.deployDirectory Установка веб приложения в папку [C:\Users\ayarkin\Desktop\tom\apache-tomcat-9.0.60\webapps\examples]
19-May-2022 14:06:20.400 SEVERE [main] org.apache.catalina.core.StandardContext.startInternal One or more listeners failed to start. Full details will be found in the appropriate container log file
19-May-2022 14:06:20.401 SEVERE [main] org.apache.catalina.core.StandardContext.startInternal Context [/examples] startup failed due to previous errors
19-May-2022 14:06:20.412 INFO [main] org.apache.catalina.startup.HostConfig.deployDirectory Deployment of web application directory [C:\Users\ayarkin\Desktop\tom\apache-tomcat-9.0.60\webapps\examples] has finished in [254] ms
19-May-2022 14:06:20.413 INFO [main] org.apache.catalina.startup.HostConfig.deployDirectory Установка веб приложения в папку [C:\Users\ayarkin\Desktop\tom\apache-tomcat-9.0.60\webapps\host-manager]
19-May-2022 14:06:20.466 INFO [main] org.apache.catalina.startup.HostConfig.deployDirectory Deployment of web application directory [C:\Users\ayarkin\Desktop\tom\apache-tomcat-9.0.60\webapps\host-manager] has finished in [53] ms
19-May-2022 14:06:20.466 INFO [main] org.apache.catalina.startup.HostConfig.deployDirectory Установка веб приложения в папку [C:\Users\ayarkin\Desktop\tom\apache-tomcat-9.0.60\webapps\manager]
19-May-2022 14:06:20.509 INFO [main] org.apache.catalina.startup.HostConfig.deployDirectory Deployment of web application directory [C:\Users\ayarkin\Desktop\tom\apache-tomcat-9.0.60\webapps\manager] has finished in [43] ms
19-May-2022 14:06:20.509 INFO [main] org.apache.catalina.startup.HostConfig.deployDirectory Установка веб приложения в папку [C:\Users\ayarkin\Desktop\tom\apache-tomcat-9.0.60\webapps\ROOT]
19-May-2022 14:06:20.540 INFO [main] org.apache.catalina.startup.HostConfig.deployDirectory Deployment of web application directory [C:\Users\ayarkin\Desktop\tom\apache-tomcat-9.0.60\webapps\ROOT] has finished in [30] ms
19-May-2022 14:06:20.544 INFO [main] org.apache.coyote.AbstractProtocol.start Starting ProtocolHandler ["http-nio-8080"]
19-May-2022 14:06:20.587 INFO [main] org.apache.catalina.startup.Catalina.start Server startup in [3680] milliseconds
