12-May-2022 17:22:59.394 INFO [main] org.apache.catalina.startup.VersionLoggerListener.log Server version name:   Apache Tomcat/9.0.60
12-May-2022 17:22:59.397 INFO [main] org.apache.catalina.startup.VersionLoggerListener.log Server built:          Mar 9 2022 14:52:25 UTC
12-May-2022 17:22:59.398 INFO [main] org.apache.catalina.startup.VersionLoggerListener.log Server version number: 9.0.60.0
12-May-2022 17:22:59.398 INFO [main] org.apache.catalina.startup.VersionLoggerListener.log OS Name:               Windows 10
12-May-2022 17:22:59.398 INFO [main] org.apache.catalina.startup.VersionLoggerListener.log Версия ОС:             10.0
12-May-2022 17:22:59.398 INFO [main] org.apache.catalina.startup.VersionLoggerListener.log Архитектура:           amd64
12-May-2022 17:22:59.398 INFO [main] org.apache.catalina.startup.VersionLoggerListener.log Java Home:             C:\Program Files\Java\jdk-17.0.1
12-May-2022 17:22:59.399 INFO [main] org.apache.catalina.startup.VersionLoggerListener.log Версия JVM:            17.0.1+12-LTS-39
12-May-2022 17:22:59.399 INFO [main] org.apache.catalina.startup.VersionLoggerListener.log JVM Vendor:            Oracle Corporation
12-May-2022 17:22:59.399 INFO [main] org.apache.catalina.startup.VersionLoggerListener.log CATALINA_BASE:         C:\Users\ayarkin\Desktop\tom\apache-tomcat-9.0.60
12-May-2022 17:22:59.399 INFO [main] org.apache.catalina.startup.VersionLoggerListener.log CATALINA_HOME:         C:\Users\ayarkin\Desktop\tom\apache-tomcat-9.0.60
12-May-2022 17:22:59.407 INFO [main] org.apache.catalina.startup.VersionLoggerListener.log Command line argument: --add-opens=java.base/java.lang=ALL-UNNAMED
12-May-2022 17:22:59.407 INFO [main] org.apache.catalina.startup.VersionLoggerListener.log Command line argument: --add-opens=java.base/java.io=ALL-UNNAMED
12-May-2022 17:22:59.407 INFO [main] org.apache.catalina.startup.VersionLoggerListener.log Command line argument: --add-opens=java.base/java.util=ALL-UNNAMED
12-May-2022 17:22:59.407 INFO [main] org.apache.catalina.startup.VersionLoggerListener.log Command line argument: --add-opens=java.base/java.util.concurrent=ALL-UNNAMED
12-May-2022 17:22:59.407 INFO [main] org.apache.catalina.startup.VersionLoggerListener.log Command line argument: --add-opens=java.rmi/sun.rmi.transport=ALL-UNNAMED
12-May-2022 17:22:59.408 INFO [main] org.apache.catalina.startup.VersionLoggerListener.log Command line argument: -Djava.util.logging.config.file=C:\Users\ayarkin\Desktop\tom\apache-tomcat-9.0.60\conf\logging.properties
12-May-2022 17:22:59.408 INFO [main] org.apache.catalina.startup.VersionLoggerListener.log Command line argument: -Djava.util.logging.manager=org.apache.juli.ClassLoaderLogManager
12-May-2022 17:22:59.408 INFO [main] org.apache.catalina.startup.VersionLoggerListener.log Command line argument: -Djdk.tls.ephemeralDHKeySize=2048
12-May-2022 17:22:59.408 INFO [main] org.apache.catalina.startup.VersionLoggerListener.log Command line argument: -Djava.protocol.handler.pkgs=org.apache.catalina.webresources
12-May-2022 17:22:59.408 INFO [main] org.apache.catalina.startup.VersionLoggerListener.log Command line argument: -Dignore.endorsed.dirs=
12-May-2022 17:22:59.409 INFO [main] org.apache.catalina.startup.VersionLoggerListener.log Command line argument: -Dcatalina.base=C:\Users\ayarkin\Desktop\tom\apache-tomcat-9.0.60
12-May-2022 17:22:59.409 INFO [main] org.apache.catalina.startup.VersionLoggerListener.log Command line argument: -Dcatalina.home=C:\Users\ayarkin\Desktop\tom\apache-tomcat-9.0.60
12-May-2022 17:22:59.409 INFO [main] org.apache.catalina.startup.VersionLoggerListener.log Command line argument: -Djava.io.tmpdir=C:\Users\ayarkin\Desktop\tom\apache-tomcat-9.0.60\temp
12-May-2022 17:22:59.413 INFO [main] org.apache.catalina.core.AprLifecycleListener.lifecycleEvent The Apache Tomcat Native library which allows using OpenSSL was not found on the java.library.path: [C:\Program Files\Java\jdk-17.0.1\bin;C:\WINDOWS\Sun\Java\bin;C:\WINDOWS\system32;C:\WINDOWS;C:\Program Files\Common Files\Oracle\Java\javapath;C:\WINDOWS\system32;C:\WINDOWS;C:\WINDOWS\System32\Wbem;C:\WINDOWS\System32\WindowsPowerShell\v1.0\;C:\WINDOWS\System32\OpenSSH\;C:\Program Files\PuTTY\;"-maven-4.0.0\bin;C:\Program Files\Java\jdk-17.0.1\bin";C:\Users\ayarkin\AppData\Local\Microsoft\WindowsApps;C:\Users\ayarkin\AppData\Local\GitHubDesktop\bin;C:\Program Files\JetBrains\IntelliJ IDEA 2021.3.2\bin;;;.]
12-May-2022 17:22:59.603 INFO [main] org.apache.coyote.AbstractProtocol.init Initializing ProtocolHandler ["http-nio-8080"]
12-May-2022 17:22:59.620 INFO [main] org.apache.catalina.startup.Catalina.load Server initialization in [370] milliseconds
12-May-2022 17:22:59.650 INFO [main] org.apache.catalina.core.StandardService.startInternal Starting service [Catalina]
12-May-2022 17:22:59.651 INFO [main] org.apache.catalina.core.StandardEngine.startInternal Starting Servlet engine: [Apache Tomcat/9.0.60]
12-May-2022 17:22:59.658 INFO [main] org.apache.catalina.startup.HostConfig.deployDirectory Установка веб приложения в папку [C:\Users\ayarkin\Desktop\tom\apache-tomcat-9.0.60\webapps\docs]
12-May-2022 17:22:59.876 INFO [main] org.apache.catalina.startup.HostConfig.deployDirectory Deployment of web application directory [C:\Users\ayarkin\Desktop\tom\apache-tomcat-9.0.60\webapps\docs] has finished in [217] ms
12-May-2022 17:22:59.877 INFO [main] org.apache.catalina.startup.HostConfig.deployDirectory Установка веб приложения в папку [C:\Users\ayarkin\Desktop\tom\apache-tomcat-9.0.60\webapps\examples]
12-May-2022 17:23:00.249 INFO [main] org.apache.catalina.startup.HostConfig.deployDirectory Deployment of web application directory [C:\Users\ayarkin\Desktop\tom\apache-tomcat-9.0.60\webapps\examples] has finished in [372] ms
12-May-2022 17:23:00.250 INFO [main] org.apache.catalina.startup.HostConfig.deployDirectory Установка веб приложения в папку [C:\Users\ayarkin\Desktop\tom\apache-tomcat-9.0.60\webapps\host-manager]
12-May-2022 17:23:00.323 INFO [main] org.apache.catalina.startup.HostConfig.deployDirectory Deployment of web application directory [C:\Users\ayarkin\Desktop\tom\apache-tomcat-9.0.60\webapps\host-manager] has finished in [73] ms
12-May-2022 17:23:00.324 INFO [main] org.apache.catalina.startup.HostConfig.deployDirectory Установка веб приложения в папку [C:\Users\ayarkin\Desktop\tom\apache-tomcat-9.0.60\webapps\manager]
12-May-2022 17:23:00.384 INFO [main] org.apache.catalina.startup.HostConfig.deployDirectory Deployment of web application directory [C:\Users\ayarkin\Desktop\tom\apache-tomcat-9.0.60\webapps\manager] has finished in [60] ms
12-May-2022 17:23:00.385 INFO [main] org.apache.catalina.startup.HostConfig.deployDirectory Установка веб приложения в папку [C:\Users\ayarkin\Desktop\tom\apache-tomcat-9.0.60\webapps\ROOT]
12-May-2022 17:23:00.413 INFO [main] org.apache.catalina.startup.HostConfig.deployDirectory Deployment of web application directory [C:\Users\ayarkin\Desktop\tom\apache-tomcat-9.0.60\webapps\ROOT] has finished in [28] ms
12-May-2022 17:23:00.418 INFO [main] org.apache.coyote.AbstractProtocol.start Starting ProtocolHandler ["http-nio-8080"]
12-May-2022 17:23:00.456 INFO [main] org.apache.catalina.startup.Catalina.start Server startup in [836] milliseconds
12-May-2022 17:24:18.835 INFO [main] org.apache.catalina.startup.VersionLoggerListener.log Server version name:   Apache Tomcat/9.0.60
12-May-2022 17:24:18.837 INFO [main] org.apache.catalina.startup.VersionLoggerListener.log Server built:          Mar 9 2022 14:52:25 UTC
12-May-2022 17:24:18.838 INFO [main] org.apache.catalina.startup.VersionLoggerListener.log Server version number: 9.0.60.0
12-May-2022 17:24:18.838 INFO [main] org.apache.catalina.startup.VersionLoggerListener.log OS Name:               Windows 10
12-May-2022 17:24:18.838 INFO [main] org.apache.catalina.startup.VersionLoggerListener.log Версия ОС:             10.0
12-May-2022 17:24:18.838 INFO [main] org.apache.catalina.startup.VersionLoggerListener.log Архитектура:           amd64
12-May-2022 17:24:18.838 INFO [main] org.apache.catalina.startup.VersionLoggerListener.log Java Home:             C:\Program Files\Java\jdk-17.0.1
12-May-2022 17:24:18.839 INFO [main] org.apache.catalina.startup.VersionLoggerListener.log Версия JVM:            17.0.1+12-LTS-39
12-May-2022 17:24:18.839 INFO [main] org.apache.catalina.startup.VersionLoggerListener.log JVM Vendor:            Oracle Corporation
12-May-2022 17:24:18.839 INFO [main] org.apache.catalina.startup.VersionLoggerListener.log CATALINA_BASE:         C:\Users\ayarkin\Desktop\tom\apache-tomcat-9.0.60
12-May-2022 17:24:18.839 INFO [main] org.apache.catalina.startup.VersionLoggerListener.log CATALINA_HOME:         C:\Users\ayarkin\Desktop\tom\apache-tomcat-9.0.60
12-May-2022 17:24:18.846 INFO [main] org.apache.catalina.startup.VersionLoggerListener.log Command line argument: --add-opens=java.base/java.lang=ALL-UNNAMED
12-May-2022 17:24:18.846 INFO [main] org.apache.catalina.startup.VersionLoggerListener.log Command line argument: --add-opens=java.base/java.io=ALL-UNNAMED
12-May-2022 17:24:18.847 INFO [main] org.apache.catalina.startup.VersionLoggerListener.log Command line argument: --add-opens=java.base/java.util=ALL-UNNAMED
12-May-2022 17:24:18.847 INFO [main] org.apache.catalina.startup.VersionLoggerListener.log Command line argument: --add-opens=java.base/java.util.concurrent=ALL-UNNAMED
12-May-2022 17:24:18.847 INFO [main] org.apache.catalina.startup.VersionLoggerListener.log Command line argument: --add-opens=java.rmi/sun.rmi.transport=ALL-UNNAMED
12-May-2022 17:24:18.848 INFO [main] org.apache.catalina.startup.VersionLoggerListener.log Command line argument: -Djava.util.logging.config.file=C:\Users\ayarkin\Desktop\tom\apache-tomcat-9.0.60\conf\logging.properties
12-May-2022 17:24:18.848 INFO [main] org.apache.catalina.startup.VersionLoggerListener.log Command line argument: -Djava.util.logging.manager=org.apache.juli.ClassLoaderLogManager
12-May-2022 17:24:18.848 INFO [main] org.apache.catalina.startup.VersionLoggerListener.log Command line argument: -Djdk.tls.ephemeralDHKeySize=2048
12-May-2022 17:24:18.848 INFO [main] org.apache.catalina.startup.VersionLoggerListener.log Command line argument: -Djava.protocol.handler.pkgs=org.apache.catalina.webresources
12-May-2022 17:24:18.849 INFO [main] org.apache.catalina.startup.VersionLoggerListener.log Command line argument: -Dignore.endorsed.dirs=
12-May-2022 17:24:18.849 INFO [main] org.apache.catalina.startup.VersionLoggerListener.log Command line argument: -Dcatalina.base=C:\Users\ayarkin\Desktop\tom\apache-tomcat-9.0.60
12-May-2022 17:24:18.849 INFO [main] org.apache.catalina.startup.VersionLoggerListener.log Command line argument: -Dcatalina.home=C:\Users\ayarkin\Desktop\tom\apache-tomcat-9.0.60
12-May-2022 17:24:18.849 INFO [main] org.apache.catalina.startup.VersionLoggerListener.log Command line argument: -Djava.io.tmpdir=C:\Users\ayarkin\Desktop\tom\apache-tomcat-9.0.60\temp
12-May-2022 17:24:18.853 INFO [main] org.apache.catalina.core.AprLifecycleListener.lifecycleEvent The Apache Tomcat Native library which allows using OpenSSL was not found on the java.library.path: [C:\Program Files\Java\jdk-17.0.1\bin;C:\WINDOWS\Sun\Java\bin;C:\WINDOWS\system32;C:\WINDOWS;C:\Program Files\Common Files\Oracle\Java\javapath;C:\WINDOWS\system32;C:\WINDOWS;C:\WINDOWS\System32\Wbem;C:\WINDOWS\System32\WindowsPowerShell\v1.0\;C:\WINDOWS\System32\OpenSSH\;C:\Program Files\PuTTY\;"-maven-4.0.0\bin;C:\Program Files\Java\jdk-17.0.1\bin";C:\Users\ayarkin\AppData\Local\Microsoft\WindowsApps;C:\Users\ayarkin\AppData\Local\GitHubDesktop\bin;C:\Program Files\JetBrains\IntelliJ IDEA 2021.3.2\bin;;;.]
12-May-2022 17:24:19.041 INFO [main] org.apache.coyote.AbstractProtocol.init Initializing ProtocolHandler ["http-nio-8080"]
12-May-2022 17:24:19.059 INFO [main] org.apache.catalina.startup.Catalina.load Server initialization in [370] milliseconds
12-May-2022 17:24:19.088 INFO [main] org.apache.catalina.core.StandardService.startInternal Starting service [Catalina]
12-May-2022 17:24:19.088 INFO [main] org.apache.catalina.core.StandardEngine.startInternal Starting Servlet engine: [Apache Tomcat/9.0.60]
12-May-2022 17:24:19.106 INFO [main] org.apache.catalina.startup.HostConfig.deployWAR Deploying web application archive [C:\Users\ayarkin\Desktop\tom\apache-tomcat-9.0.60\webapps\MVC-spring.war]
12-May-2022 17:24:22.213 INFO [main] org.apache.jasper.servlet.TldScanner.scanJars At least one JAR was scanned for TLDs yet contained no TLDs. Enable debug logging for this logger for a complete list of JARs that were scanned but no TLDs were found in them. Skipping unneeded JARs during scanning can improve startup time and JSP compilation time.
12-May-2022 17:24:27.514 INFO [main] liquibase.database.null Set default schema name to public
12-May-2022 17:24:27.696 INFO [main] liquibase.lockservice.null Successfully acquired change log lock
12-May-2022 17:24:27.705 INFO [main] liquibase.servicelocator.null Cannot load service: liquibase.parser.ChangeLogParser: liquibase.parser.core.json.JsonChangeLogParser Unable to get public no-arg constructor
12-May-2022 17:24:27.711 INFO [main] liquibase.servicelocator.null Cannot load service: liquibase.parser.ChangeLogParser: liquibase.parser.core.yaml.YamlChangeLogParser Unable to get public no-arg constructor
12-May-2022 17:24:28.124 INFO [main] liquibase.changelog.null Creating database history table with name: public.databasechangelog
12-May-2022 17:24:28.131 INFO [main] liquibase.changelog.null Reading from public.databasechangelog
12-May-2022 17:24:28.215 INFO [main] liquibase.servicelocator.null Cannot load service: liquibase.hub.HubService: Provider liquibase.hub.core.StandardHubService could not be instantiated
12-May-2022 17:24:28.227 INFO [main] liquibase.changelog.null Sequence dictionaries_data_id_seq created
12-May-2022 17:24:28.227 INFO [main] liquibase.changelog.null ChangeSet db/changelog/db.changelog-master.xml::1652359881547-1::ayarkin (generated) ran successfully in 6ms
12-May-2022 17:24:28.236 INFO [main] liquibase.changelog.null Table languages created
12-May-2022 17:24:28.237 INFO [main] liquibase.changelog.null ChangeSet db/changelog/db.changelog-master.xml::1652359881547-2::ayarkin (generated) ran successfully in 6ms
12-May-2022 17:24:28.253 INFO [main] liquibase.changelog.null Table libraries created
12-May-2022 17:24:28.254 INFO [main] liquibase.changelog.null ChangeSet db/changelog/db.changelog-master.xml::1652359881547-3::ayarkin (generated) ran successfully in 15ms
12-May-2022 17:24:28.262 INFO [main] liquibase.changelog.null Table rules created
12-May-2022 17:24:28.263 INFO [main] liquibase.changelog.null ChangeSet db/changelog/db.changelog-master.xml::1652359881547-4::ayarkin (generated) ran successfully in 6ms
12-May-2022 17:24:28.271 INFO [main] liquibase.changelog.null Table words created
12-May-2022 17:24:28.272 INFO [main] liquibase.changelog.null ChangeSet db/changelog/db.changelog-master.xml::1652359881547-6::ayarkin (generated) ran successfully in 6ms
12-May-2022 17:24:28.280 INFO [main] liquibase.changelog.null Table translate created
12-May-2022 17:24:28.281 INFO [main] liquibase.changelog.null ChangeSet db/changelog/db.changelog-master.xml::1652359881547-5::ayarkin (generated) ran successfully in 7ms
12-May-2022 17:24:28.313 INFO [main] liquibase.changelog.null Data loaded from 'data/languages.csv' into table 'languages'
12-May-2022 17:24:28.314 INFO [main] liquibase.changelog.null ChangeSet db/changelog/db.changelog-master.xml::1652359881547-7::ayarkin (generated) ran successfully in 31ms
12-May-2022 17:24:28.319 INFO [main] liquibase.changelog.null Data loaded from 'data/libraries.csv' into table 'libraries'
12-May-2022 17:24:28.320 INFO [main] liquibase.changelog.null ChangeSet db/changelog/db.changelog-master.xml::1652359881547-8::ayarkin (generated) ran successfully in 3ms
12-May-2022 17:24:28.325 INFO [main] liquibase.changelog.null Data loaded from 'data/rules.csv' into table 'rules'
12-May-2022 17:24:28.326 INFO [main] liquibase.changelog.null ChangeSet db/changelog/db.changelog-master.xml::1652359881547-9::ayarkin (generated) ran successfully in 4ms
12-May-2022 17:24:28.329 INFO [main] liquibase.changelog.null Data loaded from 'data/words.csv' into table 'words'
12-May-2022 17:24:28.330 INFO [main] liquibase.changelog.null ChangeSet db/changelog/db.changelog-master.xml::1652359881547-11::ayarkin (generated) ran successfully in 2ms
12-May-2022 17:24:28.333 INFO [main] liquibase.changelog.null Data loaded from 'data/translate.csv' into table 'translate'
12-May-2022 17:24:28.334 INFO [main] liquibase.changelog.null ChangeSet db/changelog/db.changelog-master.xml::1652359881547-10::ayarkin (generated) ran successfully in 2ms
12-May-2022 17:24:28.337 INFO [main] liquibase.lockservice.null Successfully released change log lock
12-May-2022 17:24:28.357 INFO [main] org.apache.catalina.startup.HostConfig.deployWAR Deployment of web application archive [C:\Users\ayarkin\Desktop\tom\apache-tomcat-9.0.60\webapps\MVC-spring.war] has finished in [9 250] ms
12-May-2022 17:24:28.358 INFO [main] org.apache.catalina.startup.HostConfig.deployDirectory Установка веб приложения в папку [C:\Users\ayarkin\Desktop\tom\apache-tomcat-9.0.60\webapps\docs]
12-May-2022 17:24:28.383 INFO [main] org.apache.catalina.startup.HostConfig.deployDirectory Deployment of web application directory [C:\Users\ayarkin\Desktop\tom\apache-tomcat-9.0.60\webapps\docs] has finished in [25] ms
12-May-2022 17:24:28.383 INFO [main] org.apache.catalina.startup.HostConfig.deployDirectory Установка веб приложения в папку [C:\Users\ayarkin\Desktop\tom\apache-tomcat-9.0.60\webapps\examples]
12-May-2022 17:24:28.718 INFO [main] org.apache.catalina.startup.HostConfig.deployDirectory Deployment of web application directory [C:\Users\ayarkin\Desktop\tom\apache-tomcat-9.0.60\webapps\examples] has finished in [334] ms
12-May-2022 17:24:28.718 INFO [main] org.apache.catalina.startup.HostConfig.deployDirectory Установка веб приложения в папку [C:\Users\ayarkin\Desktop\tom\apache-tomcat-9.0.60\webapps\host-manager]
12-May-2022 17:24:28.757 INFO [main] org.apache.catalina.startup.HostConfig.deployDirectory Deployment of web application directory [C:\Users\ayarkin\Desktop\tom\apache-tomcat-9.0.60\webapps\host-manager] has finished in [39] ms
12-May-2022 17:24:28.757 INFO [main] org.apache.catalina.startup.HostConfig.deployDirectory Установка веб приложения в папку [C:\Users\ayarkin\Desktop\tom\apache-tomcat-9.0.60\webapps\manager]
12-May-2022 17:24:28.801 INFO [main] org.apache.catalina.startup.HostConfig.deployDirectory Deployment of web application directory [C:\Users\ayarkin\Desktop\tom\apache-tomcat-9.0.60\webapps\manager] has finished in [44] ms
12-May-2022 17:24:28.801 INFO [main] org.apache.catalina.startup.HostConfig.deployDirectory Установка веб приложения в папку [C:\Users\ayarkin\Desktop\tom\apache-tomcat-9.0.60\webapps\ROOT]
12-May-2022 17:24:28.824 INFO [main] org.apache.catalina.startup.HostConfig.deployDirectory Deployment of web application directory [C:\Users\ayarkin\Desktop\tom\apache-tomcat-9.0.60\webapps\ROOT] has finished in [23] ms
12-May-2022 17:24:28.835 INFO [main] org.apache.coyote.AbstractProtocol.start Starting ProtocolHandler ["http-nio-8080"]
12-May-2022 17:24:28.849 INFO [main] org.apache.catalina.startup.Catalina.start Server startup in [9790] milliseconds
12-May-2022 17:24:48.763 WARNING [http-nio-8080-exec-6] org.apache.catalina.realm.LockOutRealm.filterLockedAccounts Заблокированный пользователь [user] совершил попытку авторизоваться
12-May-2022 17:24:49.931 WARNING [http-nio-8080-exec-7] org.apache.catalina.realm.LockOutRealm.filterLockedAccounts Заблокированный пользователь [user] совершил попытку авторизоваться
12-May-2022 17:24:51.380 WARNING [http-nio-8080-exec-3] org.apache.catalina.realm.LockOutRealm.filterLockedAccounts Заблокированный пользователь [user] совершил попытку авторизоваться
12-May-2022 17:25:03.101 WARNING [http-nio-8080-exec-1] org.apache.catalina.realm.LockOutRealm.filterLockedAccounts Заблокированный пользователь [user] совершил попытку авторизоваться
12-May-2022 17:27:02.245 INFO [main] org.apache.catalina.startup.VersionLoggerListener.log Server version name:   Apache Tomcat/9.0.60
12-May-2022 17:27:02.248 INFO [main] org.apache.catalina.startup.VersionLoggerListener.log Server built:          Mar 9 2022 14:52:25 UTC
12-May-2022 17:27:02.248 INFO [main] org.apache.catalina.startup.VersionLoggerListener.log Server version number: 9.0.60.0
12-May-2022 17:27:02.248 INFO [main] org.apache.catalina.startup.VersionLoggerListener.log OS Name:               Windows 10
12-May-2022 17:27:02.248 INFO [main] org.apache.catalina.startup.VersionLoggerListener.log Версия ОС:             10.0
12-May-2022 17:27:02.249 INFO [main] org.apache.catalina.startup.VersionLoggerListener.log Архитектура:           amd64
12-May-2022 17:27:02.249 INFO [main] org.apache.catalina.startup.VersionLoggerListener.log Java Home:             C:\Program Files\Java\jdk-17.0.1
12-May-2022 17:27:02.249 INFO [main] org.apache.catalina.startup.VersionLoggerListener.log Версия JVM:            17.0.1+12-LTS-39
12-May-2022 17:27:02.249 INFO [main] org.apache.catalina.startup.VersionLoggerListener.log JVM Vendor:            Oracle Corporation
12-May-2022 17:27:02.249 INFO [main] org.apache.catalina.startup.VersionLoggerListener.log CATALINA_BASE:         C:\Users\ayarkin\Desktop\tom\apache-tomcat-9.0.60
12-May-2022 17:27:02.249 INFO [main] org.apache.catalina.startup.VersionLoggerListener.log CATALINA_HOME:         C:\Users\ayarkin\Desktop\tom\apache-tomcat-9.0.60
12-May-2022 17:27:02.256 INFO [main] org.apache.catalina.startup.VersionLoggerListener.log Command line argument: --add-opens=java.base/java.lang=ALL-UNNAMED
12-May-2022 17:27:02.256 INFO [main] org.apache.catalina.startup.VersionLoggerListener.log Command line argument: --add-opens=java.base/java.io=ALL-UNNAMED
12-May-2022 17:27:02.256 INFO [main] org.apache.catalina.startup.VersionLoggerListener.log Command line argument: --add-opens=java.base/java.util=ALL-UNNAMED
12-May-2022 17:27:02.256 INFO [main] org.apache.catalina.startup.VersionLoggerListener.log Command line argument: --add-opens=java.base/java.util.concurrent=ALL-UNNAMED
12-May-2022 17:27:02.256 INFO [main] org.apache.catalina.startup.VersionLoggerListener.log Command line argument: --add-opens=java.rmi/sun.rmi.transport=ALL-UNNAMED
12-May-2022 17:27:02.257 INFO [main] org.apache.catalina.startup.VersionLoggerListener.log Command line argument: -Djava.util.logging.config.file=C:\Users\ayarkin\Desktop\tom\apache-tomcat-9.0.60\conf\logging.properties
12-May-2022 17:27:02.257 INFO [main] org.apache.catalina.startup.VersionLoggerListener.log Command line argument: -Djava.util.logging.manager=org.apache.juli.ClassLoaderLogManager
12-May-2022 17:27:02.257 INFO [main] org.apache.catalina.startup.VersionLoggerListener.log Command line argument: -Djdk.tls.ephemeralDHKeySize=2048
12-May-2022 17:27:02.257 INFO [main] org.apache.catalina.startup.VersionLoggerListener.log Command line argument: -Djava.protocol.handler.pkgs=org.apache.catalina.webresources
12-May-2022 17:27:02.258 INFO [main] org.apache.catalina.startup.VersionLoggerListener.log Command line argument: -Dignore.endorsed.dirs=
12-May-2022 17:27:02.258 INFO [main] org.apache.catalina.startup.VersionLoggerListener.log Command line argument: -Dcatalina.base=C:\Users\ayarkin\Desktop\tom\apache-tomcat-9.0.60
12-May-2022 17:27:02.258 INFO [main] org.apache.catalina.startup.VersionLoggerListener.log Command line argument: -Dcatalina.home=C:\Users\ayarkin\Desktop\tom\apache-tomcat-9.0.60
12-May-2022 17:27:02.258 INFO [main] org.apache.catalina.startup.VersionLoggerListener.log Command line argument: -Djava.io.tmpdir=C:\Users\ayarkin\Desktop\tom\apache-tomcat-9.0.60\temp
12-May-2022 17:27:02.262 INFO [main] org.apache.catalina.core.AprLifecycleListener.lifecycleEvent The Apache Tomcat Native library which allows using OpenSSL was not found on the java.library.path: [C:\Program Files\Java\jdk-17.0.1\bin;C:\WINDOWS\Sun\Java\bin;C:\WINDOWS\system32;C:\WINDOWS;C:\Program Files\Common Files\Oracle\Java\javapath;C:\WINDOWS\system32;C:\WINDOWS;C:\WINDOWS\System32\Wbem;C:\WINDOWS\System32\WindowsPowerShell\v1.0\;C:\WINDOWS\System32\OpenSSH\;C:\Program Files\PuTTY\;"-maven-4.0.0\bin;C:\Program Files\Java\jdk-17.0.1\bin";C:\Users\ayarkin\AppData\Local\Microsoft\WindowsApps;C:\Users\ayarkin\AppData\Local\GitHubDesktop\bin;C:\Program Files\JetBrains\IntelliJ IDEA 2021.3.2\bin;;;.]
12-May-2022 17:27:02.447 INFO [main] org.apache.coyote.AbstractProtocol.init Initializing ProtocolHandler ["http-nio-8080"]
12-May-2022 17:27:02.465 INFO [main] org.apache.catalina.startup.Catalina.load Server initialization in [360] milliseconds
12-May-2022 17:27:02.497 SEVERE [main] org.apache.tomcat.util.digester.Digester.fatalError Parse fatal error at line [63] column [3]
	org.xml.sax.SAXParseException; lineNumber: 63; columnNumber: 3; The markup in the document following the root element must be well-formed.
		at java.xml/com.sun.org.apache.xerces.internal.util.ErrorHandlerWrapper.createSAXParseException(ErrorHandlerWrapper.java:204)
		at java.xml/com.sun.org.apache.xerces.internal.util.ErrorHandlerWrapper.fatalError(ErrorHandlerWrapper.java:178)
		at java.xml/com.sun.org.apache.xerces.internal.impl.XMLErrorReporter.reportError(XMLErrorReporter.java:400)
		at java.xml/com.sun.org.apache.xerces.internal.impl.XMLErrorReporter.reportError(XMLErrorReporter.java:327)
		at java.xml/com.sun.org.apache.xerces.internal.impl.XMLScanner.reportFatalError(XMLScanner.java:1471)
		at java.xml/com.sun.org.apache.xerces.internal.impl.XMLDocumentScannerImpl$TrailingMiscDriver.next(XMLDocumentScannerImpl.java:1394)
		at java.xml/com.sun.org.apache.xerces.internal.impl.XMLDocumentScannerImpl.next(XMLDocumentScannerImpl.java:605)
		at java.xml/com.sun.org.apache.xerces.internal.impl.XMLDocumentFragmentScannerImpl.scanDocument(XMLDocumentFragmentScannerImpl.java:542)
		at java.xml/com.sun.org.apache.xerces.internal.parsers.XML11Configuration.parse(XML11Configuration.java:889)
		at java.xml/com.sun.org.apache.xerces.internal.parsers.XML11Configuration.parse(XML11Configuration.java:825)
		at java.xml/com.sun.org.apache.xerces.internal.parsers.XMLParser.parse(XMLParser.java:141)
		at java.xml/com.sun.org.apache.xerces.internal.parsers.AbstractSAXParser.parse(AbstractSAXParser.java:1224)
		at java.xml/com.sun.org.apache.xerces.internal.jaxp.SAXParserImpl$JAXPSAXParser.parse(SAXParserImpl.java:637)
		at org.apache.tomcat.util.digester.Digester.parse(Digester.java:1552)
		at org.apache.catalina.users.MemoryUserDatabase.open(MemoryUserDatabase.java:446)
		at org.apache.catalina.users.MemoryUserDatabaseFactory.getObjectInstance(MemoryUserDatabaseFactory.java:105)
		at org.apache.naming.factory.FactoryBase.getObjectInstance(FactoryBase.java:96)
		at java.naming/javax.naming.spi.NamingManager.getObjectInstance(NamingManager.java:342)
		at org.apache.naming.NamingContext.lookup(NamingContext.java:864)
		at org.apache.naming.NamingContext.lookup(NamingContext.java:158)
		at org.apache.naming.NamingContextBindingsEnumeration.nextElementInternal(NamingContextBindingsEnumeration.java:115)
		at org.apache.naming.NamingContextBindingsEnumeration.next(NamingContextBindingsEnumeration.java:69)
		at org.apache.naming.NamingContextBindingsEnumeration.next(NamingContextBindingsEnumeration.java:32)
		at org.apache.catalina.mbeans.GlobalResourcesLifecycleListener.createMBeans(GlobalResourcesLifecycleListener.java:133)
		at org.apache.catalina.mbeans.GlobalResourcesLifecycleListener.createMBeans(GlobalResourcesLifecycleListener.java:107)
		at org.apache.catalina.mbeans.GlobalResourcesLifecycleListener.lifecycleEvent(GlobalResourcesLifecycleListener.java:82)
		at org.apache.catalina.util.LifecycleBase.fireLifecycleEvent(LifecycleBase.java:123)
		at org.apache.catalina.util.LifecycleBase.setStateInternal(LifecycleBase.java:423)
		at org.apache.catalina.util.LifecycleBase.setState(LifecycleBase.java:366)
		at org.apache.catalina.core.StandardServer.startInternal(StandardServer.java:920)
		at org.apache.catalina.util.LifecycleBase.start(LifecycleBase.java:183)
		at org.apache.catalina.startup.Catalina.start(Catalina.java:772)
		at java.base/jdk.internal.reflect.NativeMethodAccessorImpl.invoke0(Native Method)
		at java.base/jdk.internal.reflect.NativeMethodAccessorImpl.invoke(NativeMethodAccessorImpl.java:77)
		at java.base/jdk.internal.reflect.DelegatingMethodAccessorImpl.invoke(DelegatingMethodAccessorImpl.java:43)
		at java.base/java.lang.reflect.Method.invoke(Method.java:568)
		at org.apache.catalina.startup.Bootstrap.start(Bootstrap.java:345)
		at org.apache.catalina.startup.Bootstrap.main(Bootstrap.java:476)
12-May-2022 17:27:02.498 WARNING [main] org.apache.naming.NamingContext.lookup Unexpected exception resolving reference
	org.xml.sax.SAXParseException; lineNumber: 63; columnNumber: 3; The markup in the document following the root element must be well-formed.
		at java.xml/com.sun.org.apache.xerces.internal.parsers.AbstractSAXParser.parse(AbstractSAXParser.java:1251)
		at java.xml/com.sun.org.apache.xerces.internal.jaxp.SAXParserImpl$JAXPSAXParser.parse(SAXParserImpl.java:637)
		at org.apache.tomcat.util.digester.Digester.parse(Digester.java:1552)
		at org.apache.catalina.users.MemoryUserDatabase.open(MemoryUserDatabase.java:446)
		at org.apache.catalina.users.MemoryUserDatabaseFactory.getObjectInstance(MemoryUserDatabaseFactory.java:105)
		at org.apache.naming.factory.FactoryBase.getObjectInstance(FactoryBase.java:96)
		at java.naming/javax.naming.spi.NamingManager.getObjectInstance(NamingManager.java:342)
		at org.apache.naming.NamingContext.lookup(NamingContext.java:864)
		at org.apache.naming.NamingContext.lookup(NamingContext.java:158)
		at org.apache.naming.NamingContextBindingsEnumeration.nextElementInternal(NamingContextBindingsEnumeration.java:115)
		at org.apache.naming.NamingContextBindingsEnumeration.next(NamingContextBindingsEnumeration.java:69)
		at org.apache.naming.NamingContextBindingsEnumeration.next(NamingContextBindingsEnumeration.java:32)
		at org.apache.catalina.mbeans.GlobalResourcesLifecycleListener.createMBeans(GlobalResourcesLifecycleListener.java:133)
		at org.apache.catalina.mbeans.GlobalResourcesLifecycleListener.createMBeans(GlobalResourcesLifecycleListener.java:107)
		at org.apache.catalina.mbeans.GlobalResourcesLifecycleListener.lifecycleEvent(GlobalResourcesLifecycleListener.java:82)
		at org.apache.catalina.util.LifecycleBase.fireLifecycleEvent(LifecycleBase.java:123)
		at org.apache.catalina.util.LifecycleBase.setStateInternal(LifecycleBase.java:423)
		at org.apache.catalina.util.LifecycleBase.setState(LifecycleBase.java:366)
		at org.apache.catalina.core.StandardServer.startInternal(StandardServer.java:920)
		at org.apache.catalina.util.LifecycleBase.start(LifecycleBase.java:183)
		at org.apache.catalina.startup.Catalina.start(Catalina.java:772)
		at java.base/jdk.internal.reflect.NativeMethodAccessorImpl.invoke0(Native Method)
		at java.base/jdk.internal.reflect.NativeMethodAccessorImpl.invoke(NativeMethodAccessorImpl.java:77)
		at java.base/jdk.internal.reflect.DelegatingMethodAccessorImpl.invoke(DelegatingMethodAccessorImpl.java:43)
		at java.base/java.lang.reflect.Method.invoke(Method.java:568)
		at org.apache.catalina.startup.Bootstrap.start(Bootstrap.java:345)
		at org.apache.catalina.startup.Bootstrap.main(Bootstrap.java:476)
12-May-2022 17:27:02.501 SEVERE [main] org.apache.catalina.mbeans.GlobalResourcesLifecycleListener.createMBeans Exception processing global JNDI Resources
	javax.naming.NamingException: Unexpected exception resolving reference [Root exception is org.xml.sax.SAXParseException; lineNumber: 63; columnNumber: 3; The markup in the document following the root element must be well-formed.]
		at org.apache.naming.NamingContext.lookup(NamingContext.java:892)
		at org.apache.naming.NamingContext.lookup(NamingContext.java:158)
		at org.apache.naming.NamingContextBindingsEnumeration.nextElementInternal(NamingContextBindingsEnumeration.java:115)
		at org.apache.naming.NamingContextBindingsEnumeration.next(NamingContextBindingsEnumeration.java:69)
		at org.apache.naming.NamingContextBindingsEnumeration.next(NamingContextBindingsEnumeration.java:32)
		at org.apache.catalina.mbeans.GlobalResourcesLifecycleListener.createMBeans(GlobalResourcesLifecycleListener.java:133)
		at org.apache.catalina.mbeans.GlobalResourcesLifecycleListener.createMBeans(GlobalResourcesLifecycleListener.java:107)
		at org.apache.catalina.mbeans.GlobalResourcesLifecycleListener.lifecycleEvent(GlobalResourcesLifecycleListener.java:82)
		at org.apache.catalina.util.LifecycleBase.fireLifecycleEvent(LifecycleBase.java:123)
		at org.apache.catalina.util.LifecycleBase.setStateInternal(LifecycleBase.java:423)
		at org.apache.catalina.util.LifecycleBase.setState(LifecycleBase.java:366)
		at org.apache.catalina.core.StandardServer.startInternal(StandardServer.java:920)
		at org.apache.catalina.util.LifecycleBase.start(LifecycleBase.java:183)
		at org.apache.catalina.startup.Catalina.start(Catalina.java:772)
		at java.base/jdk.internal.reflect.NativeMethodAccessorImpl.invoke0(Native Method)
		at java.base/jdk.internal.reflect.NativeMethodAccessorImpl.invoke(NativeMethodAccessorImpl.java:77)
		at java.base/jdk.internal.reflect.DelegatingMethodAccessorImpl.invoke(DelegatingMethodAccessorImpl.java:43)
		at java.base/java.lang.reflect.Method.invoke(Method.java:568)
		at org.apache.catalina.startup.Bootstrap.start(Bootstrap.java:345)
		at org.apache.catalina.startup.Bootstrap.main(Bootstrap.java:476)
	Caused by: org.xml.sax.SAXParseException; lineNumber: 63; columnNumber: 3; The markup in the document following the root element must be well-formed.
		at java.xml/com.sun.org.apache.xerces.internal.parsers.AbstractSAXParser.parse(AbstractSAXParser.java:1251)
		at java.xml/com.sun.org.apache.xerces.internal.jaxp.SAXParserImpl$JAXPSAXParser.parse(SAXParserImpl.java:637)
		at org.apache.tomcat.util.digester.Digester.parse(Digester.java:1552)
		at org.apache.catalina.users.MemoryUserDatabase.open(MemoryUserDatabase.java:446)
		at org.apache.catalina.users.MemoryUserDatabaseFactory.getObjectInstance(MemoryUserDatabaseFactory.java:105)
		at org.apache.naming.factory.FactoryBase.getObjectInstance(FactoryBase.java:96)
		at java.naming/javax.naming.spi.NamingManager.getObjectInstance(NamingManager.java:342)
		at org.apache.naming.NamingContext.lookup(NamingContext.java:864)
		... 19 more
12-May-2022 17:27:02.502 INFO [main] org.apache.catalina.core.StandardService.startInternal Starting service [Catalina]
12-May-2022 17:27:02.503 INFO [main] org.apache.catalina.core.StandardEngine.startInternal Starting Servlet engine: [Apache Tomcat/9.0.60]
12-May-2022 17:27:02.506 SEVERE [main] org.apache.tomcat.util.digester.Digester.fatalError Parse fatal error at line [63] column [3]
	org.xml.sax.SAXParseException; lineNumber: 63; columnNumber: 3; The markup in the document following the root element must be well-formed.
		at java.xml/com.sun.org.apache.xerces.internal.util.ErrorHandlerWrapper.createSAXParseException(ErrorHandlerWrapper.java:204)
		at java.xml/com.sun.org.apache.xerces.internal.util.ErrorHandlerWrapper.fatalError(ErrorHandlerWrapper.java:178)
		at java.xml/com.sun.org.apache.xerces.internal.impl.XMLErrorReporter.reportError(XMLErrorReporter.java:400)
		at java.xml/com.sun.org.apache.xerces.internal.impl.XMLErrorReporter.reportError(XMLErrorReporter.java:327)
		at java.xml/com.sun.org.apache.xerces.internal.impl.XMLScanner.reportFatalError(XMLScanner.java:1471)
		at java.xml/com.sun.org.apache.xerces.internal.impl.XMLDocumentScannerImpl$TrailingMiscDriver.next(XMLDocumentScannerImpl.java:1394)
		at java.xml/com.sun.org.apache.xerces.internal.impl.XMLDocumentScannerImpl.next(XMLDocumentScannerImpl.java:605)
		at java.xml/com.sun.org.apache.xerces.internal.impl.XMLDocumentFragmentScannerImpl.scanDocument(XMLDocumentFragmentScannerImpl.java:542)
		at java.xml/com.sun.org.apache.xerces.internal.parsers.XML11Configuration.parse(XML11Configuration.java:889)
		at java.xml/com.sun.org.apache.xerces.internal.parsers.XML11Configuration.parse(XML11Configuration.java:825)
		at java.xml/com.sun.org.apache.xerces.internal.parsers.XMLParser.parse(XMLParser.java:141)
		at java.xml/com.sun.org.apache.xerces.internal.parsers.AbstractSAXParser.parse(AbstractSAXParser.java:1224)
		at java.xml/com.sun.org.apache.xerces.internal.jaxp.SAXParserImpl$JAXPSAXParser.parse(SAXParserImpl.java:637)
		at org.apache.tomcat.util.digester.Digester.parse(Digester.java:1552)
		at org.apache.catalina.users.MemoryUserDatabase.open(MemoryUserDatabase.java:446)
		at org.apache.catalina.users.MemoryUserDatabaseFactory.getObjectInstance(MemoryUserDatabaseFactory.java:105)
		at org.apache.naming.factory.FactoryBase.getObjectInstance(FactoryBase.java:96)
		at java.naming/javax.naming.spi.NamingManager.getObjectInstance(NamingManager.java:342)
		at org.apache.naming.NamingContext.lookup(NamingContext.java:864)
		at org.apache.naming.NamingContext.lookup(NamingContext.java:172)
		at org.apache.catalina.realm.UserDatabaseRealm.getUserDatabase(UserDatabaseRealm.java:230)
		at org.apache.catalina.realm.UserDatabaseRealm.startInternal(UserDatabaseRealm.java:253)
		at org.apache.catalina.util.LifecycleBase.start(LifecycleBase.java:183)
		at org.apache.catalina.realm.CombinedRealm.startInternal(CombinedRealm.java:247)
		at org.apache.catalina.realm.LockOutRealm.startInternal(LockOutRealm.java:115)
		at org.apache.catalina.util.LifecycleBase.start(LifecycleBase.java:183)
		at org.apache.catalina.core.ContainerBase.startInternal(ContainerBase.java:912)
		at org.apache.catalina.core.StandardEngine.startInternal(StandardEngine.java:263)
		at org.apache.catalina.util.LifecycleBase.start(LifecycleBase.java:183)
		at org.apache.catalina.core.StandardService.startInternal(StandardService.java:432)
		at org.apache.catalina.util.LifecycleBase.start(LifecycleBase.java:183)
		at org.apache.catalina.core.StandardServer.startInternal(StandardServer.java:927)
		at org.apache.catalina.util.LifecycleBase.start(LifecycleBase.java:183)
		at org.apache.catalina.startup.Catalina.start(Catalina.java:772)
		at java.base/jdk.internal.reflect.NativeMethodAccessorImpl.invoke0(Native Method)
		at java.base/jdk.internal.reflect.NativeMethodAccessorImpl.invoke(NativeMethodAccessorImpl.java:77)
		at java.base/jdk.internal.reflect.DelegatingMethodAccessorImpl.invoke(DelegatingMethodAccessorImpl.java:43)
		at java.base/java.lang.reflect.Method.invoke(Method.java:568)
		at org.apache.catalina.startup.Bootstrap.start(Bootstrap.java:345)
		at org.apache.catalina.startup.Bootstrap.main(Bootstrap.java:476)
12-May-2022 17:27:02.507 WARNING [main] org.apache.naming.NamingContext.lookup Unexpected exception resolving reference
	org.xml.sax.SAXParseException; lineNumber: 63; columnNumber: 3; The markup in the document following the root element must be well-formed.
		at java.xml/com.sun.org.apache.xerces.internal.parsers.AbstractSAXParser.parse(AbstractSAXParser.java:1251)
		at java.xml/com.sun.org.apache.xerces.internal.jaxp.SAXParserImpl$JAXPSAXParser.parse(SAXParserImpl.java:637)
		at org.apache.tomcat.util.digester.Digester.parse(Digester.java:1552)
		at org.apache.catalina.users.MemoryUserDatabase.open(MemoryUserDatabase.java:446)
		at org.apache.catalina.users.MemoryUserDatabaseFactory.getObjectInstance(MemoryUserDatabaseFactory.java:105)
		at org.apache.naming.factory.FactoryBase.getObjectInstance(FactoryBase.java:96)
		at java.naming/javax.naming.spi.NamingManager.getObjectInstance(NamingManager.java:342)
		at org.apache.naming.NamingContext.lookup(NamingContext.java:864)
		at org.apache.naming.NamingContext.lookup(NamingContext.java:172)
		at org.apache.catalina.realm.UserDatabaseRealm.getUserDatabase(UserDatabaseRealm.java:230)
		at org.apache.catalina.realm.UserDatabaseRealm.startInternal(UserDatabaseRealm.java:253)
		at org.apache.catalina.util.LifecycleBase.start(LifecycleBase.java:183)
		at org.apache.catalina.realm.CombinedRealm.startInternal(CombinedRealm.java:247)
		at org.apache.catalina.realm.LockOutRealm.startInternal(LockOutRealm.java:115)
		at org.apache.catalina.util.LifecycleBase.start(LifecycleBase.java:183)
		at org.apache.catalina.core.ContainerBase.startInternal(ContainerBase.java:912)
		at org.apache.catalina.core.StandardEngine.startInternal(StandardEngine.java:263)
		at org.apache.catalina.util.LifecycleBase.start(LifecycleBase.java:183)
		at org.apache.catalina.core.StandardService.startInternal(StandardService.java:432)
		at org.apache.catalina.util.LifecycleBase.start(LifecycleBase.java:183)
		at org.apache.catalina.core.StandardServer.startInternal(StandardServer.java:927)
		at org.apache.catalina.util.LifecycleBase.start(LifecycleBase.java:183)
		at org.apache.catalina.startup.Catalina.start(Catalina.java:772)
		at java.base/jdk.internal.reflect.NativeMethodAccessorImpl.invoke0(Native Method)
		at java.base/jdk.internal.reflect.NativeMethodAccessorImpl.invoke(NativeMethodAccessorImpl.java:77)
		at java.base/jdk.internal.reflect.DelegatingMethodAccessorImpl.invoke(DelegatingMethodAccessorImpl.java:43)
		at java.base/java.lang.reflect.Method.invoke(Method.java:568)
		at org.apache.catalina.startup.Bootstrap.start(Bootstrap.java:345)
		at org.apache.catalina.startup.Bootstrap.main(Bootstrap.java:476)
12-May-2022 17:27:02.507 SEVERE [main] org.apache.catalina.realm.UserDatabaseRealm.getUserDatabase Exception looking up UserDatabase under key [UserDatabase]
	javax.naming.NamingException: Unexpected exception resolving reference [Root exception is org.xml.sax.SAXParseException; lineNumber: 63; columnNumber: 3; The markup in the document following the root element must be well-formed.]
		at org.apache.naming.NamingContext.lookup(NamingContext.java:892)
		at org.apache.naming.NamingContext.lookup(NamingContext.java:172)
		at org.apache.catalina.realm.UserDatabaseRealm.getUserDatabase(UserDatabaseRealm.java:230)
		at org.apache.catalina.realm.UserDatabaseRealm.startInternal(UserDatabaseRealm.java:253)
		at org.apache.catalina.util.LifecycleBase.start(LifecycleBase.java:183)
		at org.apache.catalina.realm.CombinedRealm.startInternal(CombinedRealm.java:247)
		at org.apache.catalina.realm.LockOutRealm.startInternal(LockOutRealm.java:115)
		at org.apache.catalina.util.LifecycleBase.start(LifecycleBase.java:183)
		at org.apache.catalina.core.ContainerBase.startInternal(ContainerBase.java:912)
		at org.apache.catalina.core.StandardEngine.startInternal(StandardEngine.java:263)
		at org.apache.catalina.util.LifecycleBase.start(LifecycleBase.java:183)
		at org.apache.catalina.core.StandardService.startInternal(StandardService.java:432)
		at org.apache.catalina.util.LifecycleBase.start(LifecycleBase.java:183)
		at org.apache.catalina.core.StandardServer.startInternal(StandardServer.java:927)
		at org.apache.catalina.util.LifecycleBase.start(LifecycleBase.java:183)
		at org.apache.catalina.startup.Catalina.start(Catalina.java:772)
		at java.base/jdk.internal.reflect.NativeMethodAccessorImpl.invoke0(Native Method)
		at java.base/jdk.internal.reflect.NativeMethodAccessorImpl.invoke(NativeMethodAccessorImpl.java:77)
		at java.base/jdk.internal.reflect.DelegatingMethodAccessorImpl.invoke(DelegatingMethodAccessorImpl.java:43)
		at java.base/java.lang.reflect.Method.invoke(Method.java:568)
		at org.apache.catalina.startup.Bootstrap.start(Bootstrap.java:345)
		at org.apache.catalina.startup.Bootstrap.main(Bootstrap.java:476)
	Caused by: org.xml.sax.SAXParseException; lineNumber: 63; columnNumber: 3; The markup in the document following the root element must be well-formed.
		at java.xml/com.sun.org.apache.xerces.internal.parsers.AbstractSAXParser.parse(AbstractSAXParser.java:1251)
		at java.xml/com.sun.org.apache.xerces.internal.jaxp.SAXParserImpl$JAXPSAXParser.parse(SAXParserImpl.java:637)
		at org.apache.tomcat.util.digester.Digester.parse(Digester.java:1552)
		at org.apache.catalina.users.MemoryUserDatabase.open(MemoryUserDatabase.java:446)
		at org.apache.catalina.users.MemoryUserDatabaseFactory.getObjectInstance(MemoryUserDatabaseFactory.java:105)
		at org.apache.naming.factory.FactoryBase.getObjectInstance(FactoryBase.java:96)
		at java.naming/javax.naming.spi.NamingManager.getObjectInstance(NamingManager.java:342)
		at org.apache.naming.NamingContext.lookup(NamingContext.java:864)
		... 21 more
12-May-2022 17:27:02.508 SEVERE [main] org.apache.catalina.realm.CombinedRealm.startInternal Failed to start [org.apache.catalina.realm.UserDatabaseRealm] realm
	org.apache.catalina.LifecycleException: No UserDatabase component found under key [UserDatabase]
		at org.apache.catalina.realm.UserDatabaseRealm.startInternal(UserDatabaseRealm.java:255)
		at org.apache.catalina.util.LifecycleBase.start(LifecycleBase.java:183)
		at org.apache.catalina.realm.CombinedRealm.startInternal(CombinedRealm.java:247)
		at org.apache.catalina.realm.LockOutRealm.startInternal(LockOutRealm.java:115)
		at org.apache.catalina.util.LifecycleBase.start(LifecycleBase.java:183)
		at org.apache.catalina.core.ContainerBase.startInternal(ContainerBase.java:912)
		at org.apache.catalina.core.StandardEngine.startInternal(StandardEngine.java:263)
		at org.apache.catalina.util.LifecycleBase.start(LifecycleBase.java:183)
		at org.apache.catalina.core.StandardService.startInternal(StandardService.java:432)
		at org.apache.catalina.util.LifecycleBase.start(LifecycleBase.java:183)
		at org.apache.catalina.core.StandardServer.startInternal(StandardServer.java:927)
		at org.apache.catalina.util.LifecycleBase.start(LifecycleBase.java:183)
		at org.apache.catalina.startup.Catalina.start(Catalina.java:772)
		at java.base/jdk.internal.reflect.NativeMethodAccessorImpl.invoke0(Native Method)
		at java.base/jdk.internal.reflect.NativeMethodAccessorImpl.invoke(NativeMethodAccessorImpl.java:77)
		at java.base/jdk.internal.reflect.DelegatingMethodAccessorImpl.invoke(DelegatingMethodAccessorImpl.java:43)
		at java.base/java.lang.reflect.Method.invoke(Method.java:568)
		at org.apache.catalina.startup.Bootstrap.start(Bootstrap.java:345)
		at org.apache.catalina.startup.Bootstrap.main(Bootstrap.java:476)
12-May-2022 17:27:02.521 INFO [main] org.apache.catalina.startup.HostConfig.deployWAR Deploying web application archive [C:\Users\ayarkin\Desktop\tom\apache-tomcat-9.0.60\webapps\MVC-spring.war]
12-May-2022 17:27:05.191 INFO [main] org.apache.jasper.servlet.TldScanner.scanJars At least one JAR was scanned for TLDs yet contained no TLDs. Enable debug logging for this logger for a complete list of JARs that were scanned but no TLDs were found in them. Skipping unneeded JARs during scanning can improve startup time and JSP compilation time.
12-May-2022 17:27:10.408 INFO [main] liquibase.database.null Set default schema name to public
12-May-2022 17:27:10.506 INFO [main] liquibase.lockservice.null Successfully acquired change log lock
12-May-2022 17:27:10.515 INFO [main] liquibase.servicelocator.null Cannot load service: liquibase.parser.ChangeLogParser: liquibase.parser.core.json.JsonChangeLogParser Unable to get public no-arg constructor
12-May-2022 17:27:10.521 INFO [main] liquibase.servicelocator.null Cannot load service: liquibase.parser.ChangeLogParser: liquibase.parser.core.yaml.YamlChangeLogParser Unable to get public no-arg constructor
12-May-2022 17:27:10.976 INFO [main] liquibase.changelog.null Reading from public.databasechangelog
12-May-2022 17:27:11.029 INFO [main] liquibase.servicelocator.null Cannot load service: liquibase.hub.HubService: Provider liquibase.hub.core.StandardHubService could not be instantiated
12-May-2022 17:27:11.037 INFO [main] liquibase.lockservice.null Successfully released change log lock
12-May-2022 17:27:11.056 INFO [main] org.apache.catalina.startup.HostConfig.deployWAR Deployment of web application archive [C:\Users\ayarkin\Desktop\tom\apache-tomcat-9.0.60\webapps\MVC-spring.war] has finished in [8 534] ms
12-May-2022 17:27:11.056 INFO [main] org.apache.catalina.startup.HostConfig.deployDirectory Установка веб приложения в папку [C:\Users\ayarkin\Desktop\tom\apache-tomcat-9.0.60\webapps\docs]
12-May-2022 17:27:11.081 INFO [main] org.apache.catalina.startup.HostConfig.deployDirectory Deployment of web application directory [C:\Users\ayarkin\Desktop\tom\apache-tomcat-9.0.60\webapps\docs] has finished in [25] ms
12-May-2022 17:27:11.081 INFO [main] org.apache.catalina.startup.HostConfig.deployDirectory Установка веб приложения в папку [C:\Users\ayarkin\Desktop\tom\apache-tomcat-9.0.60\webapps\examples]
12-May-2022 17:27:11.405 INFO [main] org.apache.catalina.startup.HostConfig.deployDirectory Deployment of web application directory [C:\Users\ayarkin\Desktop\tom\apache-tomcat-9.0.60\webapps\examples] has finished in [324] ms
12-May-2022 17:27:11.406 INFO [main] org.apache.catalina.startup.HostConfig.deployDirectory Установка веб приложения в папку [C:\Users\ayarkin\Desktop\tom\apache-tomcat-9.0.60\webapps\host-manager]
12-May-2022 17:27:11.446 INFO [main] org.apache.catalina.startup.HostConfig.deployDirectory Deployment of web application directory [C:\Users\ayarkin\Desktop\tom\apache-tomcat-9.0.60\webapps\host-manager] has finished in [39] ms
12-May-2022 17:27:11.446 INFO [main] org.apache.catalina.startup.HostConfig.deployDirectory Установка веб приложения в папку [C:\Users\ayarkin\Desktop\tom\apache-tomcat-9.0.60\webapps\manager]
12-May-2022 17:27:11.487 INFO [main] org.apache.catalina.startup.HostConfig.deployDirectory Deployment of web application directory [C:\Users\ayarkin\Desktop\tom\apache-tomcat-9.0.60\webapps\manager] has finished in [41] ms
12-May-2022 17:27:11.487 INFO [main] org.apache.catalina.startup.HostConfig.deployDirectory Установка веб приложения в папку [C:\Users\ayarkin\Desktop\tom\apache-tomcat-9.0.60\webapps\ROOT]
12-May-2022 17:27:11.511 INFO [main] org.apache.catalina.startup.HostConfig.deployDirectory Deployment of web application directory [C:\Users\ayarkin\Desktop\tom\apache-tomcat-9.0.60\webapps\ROOT] has finished in [24] ms
12-May-2022 17:27:11.515 INFO [main] org.apache.coyote.AbstractProtocol.start Starting ProtocolHandler ["http-nio-8080"]
12-May-2022 17:27:11.531 INFO [main] org.apache.catalina.startup.Catalina.start Server startup in [9065] milliseconds
12-May-2022 17:28:32.154 INFO [main] org.apache.catalina.startup.VersionLoggerListener.log Server version name:   Apache Tomcat/9.0.60
12-May-2022 17:28:32.157 INFO [main] org.apache.catalina.startup.VersionLoggerListener.log Server built:          Mar 9 2022 14:52:25 UTC
12-May-2022 17:28:32.157 INFO [main] org.apache.catalina.startup.VersionLoggerListener.log Server version number: 9.0.60.0
12-May-2022 17:28:32.157 INFO [main] org.apache.catalina.startup.VersionLoggerListener.log OS Name:               Windows 10
12-May-2022 17:28:32.158 INFO [main] org.apache.catalina.startup.VersionLoggerListener.log Версия ОС:             10.0
12-May-2022 17:28:32.158 INFO [main] org.apache.catalina.startup.VersionLoggerListener.log Архитектура:           amd64
12-May-2022 17:28:32.158 INFO [main] org.apache.catalina.startup.VersionLoggerListener.log Java Home:             C:\Program Files\Java\jdk-17.0.1
12-May-2022 17:28:32.158 INFO [main] org.apache.catalina.startup.VersionLoggerListener.log Версия JVM:            17.0.1+12-LTS-39
12-May-2022 17:28:32.158 INFO [main] org.apache.catalina.startup.VersionLoggerListener.log JVM Vendor:            Oracle Corporation
12-May-2022 17:28:32.158 INFO [main] org.apache.catalina.startup.VersionLoggerListener.log CATALINA_BASE:         C:\Users\ayarkin\Desktop\tom\apache-tomcat-9.0.60
12-May-2022 17:28:32.158 INFO [main] org.apache.catalina.startup.VersionLoggerListener.log CATALINA_HOME:         C:\Users\ayarkin\Desktop\tom\apache-tomcat-9.0.60
12-May-2022 17:28:32.165 INFO [main] org.apache.catalina.startup.VersionLoggerListener.log Command line argument: --add-opens=java.base/java.lang=ALL-UNNAMED
12-May-2022 17:28:32.165 INFO [main] org.apache.catalina.startup.VersionLoggerListener.log Command line argument: --add-opens=java.base/java.io=ALL-UNNAMED
12-May-2022 17:28:32.165 INFO [main] org.apache.catalina.startup.VersionLoggerListener.log Command line argument: --add-opens=java.base/java.util=ALL-UNNAMED
12-May-2022 17:28:32.165 INFO [main] org.apache.catalina.startup.VersionLoggerListener.log Command line argument: --add-opens=java.base/java.util.concurrent=ALL-UNNAMED
12-May-2022 17:28:32.166 INFO [main] org.apache.catalina.startup.VersionLoggerListener.log Command line argument: --add-opens=java.rmi/sun.rmi.transport=ALL-UNNAMED
12-May-2022 17:28:32.166 INFO [main] org.apache.catalina.startup.VersionLoggerListener.log Command line argument: -Djava.util.logging.config.file=C:\Users\ayarkin\Desktop\tom\apache-tomcat-9.0.60\conf\logging.properties
12-May-2022 17:28:32.166 INFO [main] org.apache.catalina.startup.VersionLoggerListener.log Command line argument: -Djava.util.logging.manager=org.apache.juli.ClassLoaderLogManager
12-May-2022 17:28:32.166 INFO [main] org.apache.catalina.startup.VersionLoggerListener.log Command line argument: -Djdk.tls.ephemeralDHKeySize=2048
12-May-2022 17:28:32.166 INFO [main] org.apache.catalina.startup.VersionLoggerListener.log Command line argument: -Djava.protocol.handler.pkgs=org.apache.catalina.webresources
12-May-2022 17:28:32.166 INFO [main] org.apache.catalina.startup.VersionLoggerListener.log Command line argument: -Dignore.endorsed.dirs=
12-May-2022 17:28:32.167 INFO [main] org.apache.catalina.startup.VersionLoggerListener.log Command line argument: -Dcatalina.base=C:\Users\ayarkin\Desktop\tom\apache-tomcat-9.0.60
12-May-2022 17:28:32.167 INFO [main] org.apache.catalina.startup.VersionLoggerListener.log Command line argument: -Dcatalina.home=C:\Users\ayarkin\Desktop\tom\apache-tomcat-9.0.60
12-May-2022 17:28:32.167 INFO [main] org.apache.catalina.startup.VersionLoggerListener.log Command line argument: -Djava.io.tmpdir=C:\Users\ayarkin\Desktop\tom\apache-tomcat-9.0.60\temp
12-May-2022 17:28:32.170 INFO [main] org.apache.catalina.core.AprLifecycleListener.lifecycleEvent The Apache Tomcat Native library which allows using OpenSSL was not found on the java.library.path: [C:\Program Files\Java\jdk-17.0.1\bin;C:\WINDOWS\Sun\Java\bin;C:\WINDOWS\system32;C:\WINDOWS;C:\Program Files\Common Files\Oracle\Java\javapath;C:\WINDOWS\system32;C:\WINDOWS;C:\WINDOWS\System32\Wbem;C:\WINDOWS\System32\WindowsPowerShell\v1.0\;C:\WINDOWS\System32\OpenSSH\;C:\Program Files\PuTTY\;"-maven-4.0.0\bin;C:\Program Files\Java\jdk-17.0.1\bin";C:\Users\ayarkin\AppData\Local\Microsoft\WindowsApps;C:\Users\ayarkin\AppData\Local\GitHubDesktop\bin;C:\Program Files\JetBrains\IntelliJ IDEA 2021.3.2\bin;;;.]
12-May-2022 17:28:32.362 INFO [main] org.apache.coyote.AbstractProtocol.init Initializing ProtocolHandler ["http-nio-8080"]
12-May-2022 17:28:32.380 INFO [main] org.apache.catalina.startup.Catalina.load Server initialization in [376] milliseconds
12-May-2022 17:28:32.412 INFO [main] org.apache.catalina.core.StandardService.startInternal Starting service [Catalina]
12-May-2022 17:28:32.412 INFO [main] org.apache.catalina.core.StandardEngine.startInternal Starting Servlet engine: [Apache Tomcat/9.0.60]
12-May-2022 17:28:32.425 INFO [main] org.apache.catalina.startup.HostConfig.deployWAR Deploying web application archive [C:\Users\ayarkin\Desktop\tom\apache-tomcat-9.0.60\webapps\MVC-spring.war]
12-May-2022 17:28:35.061 INFO [main] org.apache.jasper.servlet.TldScanner.scanJars At least one JAR was scanned for TLDs yet contained no TLDs. Enable debug logging for this logger for a complete list of JARs that were scanned but no TLDs were found in them. Skipping unneeded JARs during scanning can improve startup time and JSP compilation time.
12-May-2022 17:28:40.271 INFO [main] liquibase.database.null Set default schema name to public
12-May-2022 17:28:40.368 INFO [main] liquibase.lockservice.null Successfully acquired change log lock
12-May-2022 17:28:40.377 INFO [main] liquibase.servicelocator.null Cannot load service: liquibase.parser.ChangeLogParser: liquibase.parser.core.json.JsonChangeLogParser Unable to get public no-arg constructor
12-May-2022 17:28:40.384 INFO [main] liquibase.servicelocator.null Cannot load service: liquibase.parser.ChangeLogParser: liquibase.parser.core.yaml.YamlChangeLogParser Unable to get public no-arg constructor
12-May-2022 17:28:40.837 INFO [main] liquibase.changelog.null Reading from public.databasechangelog
12-May-2022 17:28:40.889 INFO [main] liquibase.servicelocator.null Cannot load service: liquibase.hub.HubService: Provider liquibase.hub.core.StandardHubService could not be instantiated
12-May-2022 17:28:40.897 INFO [main] liquibase.lockservice.null Successfully released change log lock
12-May-2022 17:28:40.916 INFO [main] org.apache.catalina.startup.HostConfig.deployWAR Deployment of web application archive [C:\Users\ayarkin\Desktop\tom\apache-tomcat-9.0.60\webapps\MVC-spring.war] has finished in [8 490] ms
12-May-2022 17:28:40.916 INFO [main] org.apache.catalina.startup.HostConfig.deployDirectory Установка веб приложения в папку [C:\Users\ayarkin\Desktop\tom\apache-tomcat-9.0.60\webapps\docs]
12-May-2022 17:28:40.939 INFO [main] org.apache.catalina.startup.HostConfig.deployDirectory Deployment of web application directory [C:\Users\ayarkin\Desktop\tom\apache-tomcat-9.0.60\webapps\docs] has finished in [23] ms
12-May-2022 17:28:40.940 INFO [main] org.apache.catalina.startup.HostConfig.deployDirectory Установка веб приложения в папку [C:\Users\ayarkin\Desktop\tom\apache-tomcat-9.0.60\webapps\examples]
12-May-2022 17:28:41.268 INFO [main] org.apache.catalina.startup.HostConfig.deployDirectory Deployment of web application directory [C:\Users\ayarkin\Desktop\tom\apache-tomcat-9.0.60\webapps\examples] has finished in [328] ms
12-May-2022 17:28:41.268 INFO [main] org.apache.catalina.startup.HostConfig.deployDirectory Установка веб приложения в папку [C:\Users\ayarkin\Desktop\tom\apache-tomcat-9.0.60\webapps\host-manager]
12-May-2022 17:28:41.307 INFO [main] org.apache.catalina.startup.HostConfig.deployDirectory Deployment of web application directory [C:\Users\ayarkin\Desktop\tom\apache-tomcat-9.0.60\webapps\host-manager] has finished in [39] ms
12-May-2022 17:28:41.307 INFO [main] org.apache.catalina.startup.HostConfig.deployDirectory Установка веб приложения в папку [C:\Users\ayarkin\Desktop\tom\apache-tomcat-9.0.60\webapps\manager]
12-May-2022 17:28:41.350 INFO [main] org.apache.catalina.startup.HostConfig.deployDirectory Deployment of web application directory [C:\Users\ayarkin\Desktop\tom\apache-tomcat-9.0.60\webapps\manager] has finished in [42] ms
12-May-2022 17:28:41.350 INFO [main] org.apache.catalina.startup.HostConfig.deployDirectory Установка веб приложения в папку [C:\Users\ayarkin\Desktop\tom\apache-tomcat-9.0.60\webapps\ROOT]
12-May-2022 17:28:41.372 INFO [main] org.apache.catalina.startup.HostConfig.deployDirectory Deployment of web application directory [C:\Users\ayarkin\Desktop\tom\apache-tomcat-9.0.60\webapps\ROOT] has finished in [22] ms
12-May-2022 17:28:41.374 INFO [main] org.apache.coyote.AbstractProtocol.start Starting ProtocolHandler ["http-nio-8080"]
12-May-2022 17:28:41.386 INFO [main] org.apache.catalina.startup.Catalina.start Server startup in [9006] milliseconds
12-May-2022 17:31:25.088 INFO [main] org.apache.catalina.startup.VersionLoggerListener.log Server version name:   Apache Tomcat/9.0.60
12-May-2022 17:31:25.090 INFO [main] org.apache.catalina.startup.VersionLoggerListener.log Server built:          Mar 9 2022 14:52:25 UTC
12-May-2022 17:31:25.090 INFO [main] org.apache.catalina.startup.VersionLoggerListener.log Server version number: 9.0.60.0
12-May-2022 17:31:25.091 INFO [main] org.apache.catalina.startup.VersionLoggerListener.log OS Name:               Windows 10
12-May-2022 17:31:25.091 INFO [main] org.apache.catalina.startup.VersionLoggerListener.log Версия ОС:             10.0
12-May-2022 17:31:25.091 INFO [main] org.apache.catalina.startup.VersionLoggerListener.log Архитектура:           amd64
12-May-2022 17:31:25.091 INFO [main] org.apache.catalina.startup.VersionLoggerListener.log Java Home:             C:\Program Files\Java\jdk-17.0.1
12-May-2022 17:31:25.091 INFO [main] org.apache.catalina.startup.VersionLoggerListener.log Версия JVM:            17.0.1+12-LTS-39
12-May-2022 17:31:25.092 INFO [main] org.apache.catalina.startup.VersionLoggerListener.log JVM Vendor:            Oracle Corporation
12-May-2022 17:31:25.092 INFO [main] org.apache.catalina.startup.VersionLoggerListener.log CATALINA_BASE:         C:\Users\ayarkin\Desktop\tom\apache-tomcat-9.0.60
12-May-2022 17:31:25.092 INFO [main] org.apache.catalina.startup.VersionLoggerListener.log CATALINA_HOME:         C:\Users\ayarkin\Desktop\tom\apache-tomcat-9.0.60
12-May-2022 17:31:25.098 INFO [main] org.apache.catalina.startup.VersionLoggerListener.log Command line argument: --add-opens=java.base/java.lang=ALL-UNNAMED
12-May-2022 17:31:25.098 INFO [main] org.apache.catalina.startup.VersionLoggerListener.log Command line argument: --add-opens=java.base/java.io=ALL-UNNAMED
12-May-2022 17:31:25.098 INFO [main] org.apache.catalina.startup.VersionLoggerListener.log Command line argument: --add-opens=java.base/java.util=ALL-UNNAMED
12-May-2022 17:31:25.098 INFO [main] org.apache.catalina.startup.VersionLoggerListener.log Command line argument: --add-opens=java.base/java.util.concurrent=ALL-UNNAMED
12-May-2022 17:31:25.099 INFO [main] org.apache.catalina.startup.VersionLoggerListener.log Command line argument: --add-opens=java.rmi/sun.rmi.transport=ALL-UNNAMED
12-May-2022 17:31:25.099 INFO [main] org.apache.catalina.startup.VersionLoggerListener.log Command line argument: -Djava.util.logging.config.file=C:\Users\ayarkin\Desktop\tom\apache-tomcat-9.0.60\conf\logging.properties
12-May-2022 17:31:25.099 INFO [main] org.apache.catalina.startup.VersionLoggerListener.log Command line argument: -Djava.util.logging.manager=org.apache.juli.ClassLoaderLogManager
12-May-2022 17:31:25.100 INFO [main] org.apache.catalina.startup.VersionLoggerListener.log Command line argument: -Djdk.tls.ephemeralDHKeySize=2048
12-May-2022 17:31:25.100 INFO [main] org.apache.catalina.startup.VersionLoggerListener.log Command line argument: -Djava.protocol.handler.pkgs=org.apache.catalina.webresources
12-May-2022 17:31:25.100 INFO [main] org.apache.catalina.startup.VersionLoggerListener.log Command line argument: -Dignore.endorsed.dirs=
12-May-2022 17:31:25.100 INFO [main] org.apache.catalina.startup.VersionLoggerListener.log Command line argument: -Dcatalina.base=C:\Users\ayarkin\Desktop\tom\apache-tomcat-9.0.60
12-May-2022 17:31:25.100 INFO [main] org.apache.catalina.startup.VersionLoggerListener.log Command line argument: -Dcatalina.home=C:\Users\ayarkin\Desktop\tom\apache-tomcat-9.0.60
12-May-2022 17:31:25.101 INFO [main] org.apache.catalina.startup.VersionLoggerListener.log Command line argument: -Djava.io.tmpdir=C:\Users\ayarkin\Desktop\tom\apache-tomcat-9.0.60\temp
12-May-2022 17:31:25.104 INFO [main] org.apache.catalina.core.AprLifecycleListener.lifecycleEvent The Apache Tomcat Native library which allows using OpenSSL was not found on the java.library.path: [C:\Program Files\Java\jdk-17.0.1\bin;C:\WINDOWS\Sun\Java\bin;C:\WINDOWS\system32;C:\WINDOWS;C:\Program Files\Common Files\Oracle\Java\javapath;C:\WINDOWS\system32;C:\WINDOWS;C:\WINDOWS\System32\Wbem;C:\WINDOWS\System32\WindowsPowerShell\v1.0\;C:\WINDOWS\System32\OpenSSH\;C:\Program Files\PuTTY\;"-maven-4.0.0\bin;C:\Program Files\Java\jdk-17.0.1\bin";C:\Users\ayarkin\AppData\Local\Microsoft\WindowsApps;C:\Users\ayarkin\AppData\Local\GitHubDesktop\bin;C:\Program Files\JetBrains\IntelliJ IDEA 2021.3.2\bin;;;.]
12-May-2022 17:31:25.290 INFO [main] org.apache.coyote.AbstractProtocol.init Initializing ProtocolHandler ["http-nio-8080"]
12-May-2022 17:31:25.306 INFO [main] org.apache.catalina.startup.Catalina.load Server initialization in [364] milliseconds
12-May-2022 17:31:25.340 INFO [main] org.apache.catalina.core.StandardService.startInternal Starting service [Catalina]
12-May-2022 17:31:25.341 INFO [main] org.apache.catalina.core.StandardEngine.startInternal Starting Servlet engine: [Apache Tomcat/9.0.60]
12-May-2022 17:31:25.355 INFO [main] org.apache.catalina.startup.HostConfig.deployWAR Deploying web application archive [C:\Users\ayarkin\Desktop\tom\apache-tomcat-9.0.60\webapps\MVC-spring.war]
12-May-2022 17:31:28.011 INFO [main] org.apache.jasper.servlet.TldScanner.scanJars At least one JAR was scanned for TLDs yet contained no TLDs. Enable debug logging for this logger for a complete list of JARs that were scanned but no TLDs were found in them. Skipping unneeded JARs during scanning can improve startup time and JSP compilation time.
12-May-2022 17:31:33.241 INFO [main] liquibase.database.null Set default schema name to public
12-May-2022 17:31:33.353 INFO [main] liquibase.lockservice.null Successfully acquired change log lock
12-May-2022 17:31:33.362 INFO [main] liquibase.servicelocator.null Cannot load service: liquibase.parser.ChangeLogParser: liquibase.parser.core.json.JsonChangeLogParser Unable to get public no-arg constructor
12-May-2022 17:31:33.368 INFO [main] liquibase.servicelocator.null Cannot load service: liquibase.parser.ChangeLogParser: liquibase.parser.core.yaml.YamlChangeLogParser Unable to get public no-arg constructor
12-May-2022 17:31:33.816 INFO [main] liquibase.changelog.null Reading from public.databasechangelog
12-May-2022 17:31:33.875 INFO [main] liquibase.servicelocator.null Cannot load service: liquibase.hub.HubService: Provider liquibase.hub.core.StandardHubService could not be instantiated
12-May-2022 17:31:33.884 INFO [main] liquibase.lockservice.null Successfully released change log lock
12-May-2022 17:31:33.909 INFO [main] org.apache.catalina.startup.HostConfig.deployWAR Deployment of web application archive [C:\Users\ayarkin\Desktop\tom\apache-tomcat-9.0.60\webapps\MVC-spring.war] has finished in [8 553] ms
12-May-2022 17:31:33.910 INFO [main] org.apache.catalina.startup.HostConfig.deployDirectory Установка веб приложения в папку [C:\Users\ayarkin\Desktop\tom\apache-tomcat-9.0.60\webapps\docs]
12-May-2022 17:31:33.933 INFO [main] org.apache.catalina.startup.HostConfig.deployDirectory Deployment of web application directory [C:\Users\ayarkin\Desktop\tom\apache-tomcat-9.0.60\webapps\docs] has finished in [23] ms
12-May-2022 17:31:33.935 INFO [main] org.apache.catalina.startup.HostConfig.deployDirectory Установка веб приложения в папку [C:\Users\ayarkin\Desktop\tom\apache-tomcat-9.0.60\webapps\examples]
12-May-2022 17:31:34.263 INFO [main] org.apache.catalina.startup.HostConfig.deployDirectory Deployment of web application directory [C:\Users\ayarkin\Desktop\tom\apache-tomcat-9.0.60\webapps\examples] has finished in [329] ms
12-May-2022 17:31:34.264 INFO [main] org.apache.catalina.startup.HostConfig.deployDirectory Установка веб приложения в папку [C:\Users\ayarkin\Desktop\tom\apache-tomcat-9.0.60\webapps\host-manager]
12-May-2022 17:31:34.300 INFO [main] org.apache.catalina.startup.HostConfig.deployDirectory Deployment of web application directory [C:\Users\ayarkin\Desktop\tom\apache-tomcat-9.0.60\webapps\host-manager] has finished in [36] ms
12-May-2022 17:31:34.301 INFO [main] org.apache.catalina.startup.HostConfig.deployDirectory Установка веб приложения в папку [C:\Users\ayarkin\Desktop\tom\apache-tomcat-9.0.60\webapps\manager]
12-May-2022 17:31:34.337 INFO [main] org.apache.catalina.startup.HostConfig.deployDirectory Deployment of web application directory [C:\Users\ayarkin\Desktop\tom\apache-tomcat-9.0.60\webapps\manager] has finished in [37] ms
12-May-2022 17:31:34.338 INFO [main] org.apache.catalina.startup.HostConfig.deployDirectory Установка веб приложения в папку [C:\Users\ayarkin\Desktop\tom\apache-tomcat-9.0.60\webapps\ROOT]
12-May-2022 17:31:34.361 INFO [main] org.apache.catalina.startup.HostConfig.deployDirectory Deployment of web application directory [C:\Users\ayarkin\Desktop\tom\apache-tomcat-9.0.60\webapps\ROOT] has finished in [23] ms
12-May-2022 17:31:34.365 INFO [main] org.apache.coyote.AbstractProtocol.start Starting ProtocolHandler ["http-nio-8080"]
12-May-2022 17:31:34.382 INFO [main] org.apache.catalina.startup.Catalina.start Server startup in [9074] milliseconds
12-May-2022 17:33:02.993 INFO [main] org.apache.catalina.startup.VersionLoggerListener.log Server version name:   Apache Tomcat/9.0.60
12-May-2022 17:33:02.995 INFO [main] org.apache.catalina.startup.VersionLoggerListener.log Server built:          Mar 9 2022 14:52:25 UTC
12-May-2022 17:33:02.995 INFO [main] org.apache.catalina.startup.VersionLoggerListener.log Server version number: 9.0.60.0
12-May-2022 17:33:02.996 INFO [main] org.apache.catalina.startup.VersionLoggerListener.log OS Name:               Windows 10
12-May-2022 17:33:02.996 INFO [main] org.apache.catalina.startup.VersionLoggerListener.log Версия ОС:             10.0
12-May-2022 17:33:02.996 INFO [main] org.apache.catalina.startup.VersionLoggerListener.log Архитектура:           amd64
12-May-2022 17:33:02.996 INFO [main] org.apache.catalina.startup.VersionLoggerListener.log Java Home:             C:\Program Files\Java\jdk-17.0.1
12-May-2022 17:33:02.996 INFO [main] org.apache.catalina.startup.VersionLoggerListener.log Версия JVM:            17.0.1+12-LTS-39
12-May-2022 17:33:02.996 INFO [main] org.apache.catalina.startup.VersionLoggerListener.log JVM Vendor:            Oracle Corporation
12-May-2022 17:33:02.997 INFO [main] org.apache.catalina.startup.VersionLoggerListener.log CATALINA_BASE:         C:\Users\ayarkin\Desktop\tom\apache-tomcat-9.0.60
12-May-2022 17:33:02.997 INFO [main] org.apache.catalina.startup.VersionLoggerListener.log CATALINA_HOME:         C:\Users\ayarkin\Desktop\tom\apache-tomcat-9.0.60
12-May-2022 17:33:03.003 INFO [main] org.apache.catalina.startup.VersionLoggerListener.log Command line argument: --add-opens=java.base/java.lang=ALL-UNNAMED
12-May-2022 17:33:03.003 INFO [main] org.apache.catalina.startup.VersionLoggerListener.log Command line argument: --add-opens=java.base/java.io=ALL-UNNAMED
12-May-2022 17:33:03.003 INFO [main] org.apache.catalina.startup.VersionLoggerListener.log Command line argument: --add-opens=java.base/java.util=ALL-UNNAMED
12-May-2022 17:33:03.003 INFO [main] org.apache.catalina.startup.VersionLoggerListener.log Command line argument: --add-opens=java.base/java.util.concurrent=ALL-UNNAMED
12-May-2022 17:33:03.003 INFO [main] org.apache.catalina.startup.VersionLoggerListener.log Command line argument: --add-opens=java.rmi/sun.rmi.transport=ALL-UNNAMED
12-May-2022 17:33:03.003 INFO [main] org.apache.catalina.startup.VersionLoggerListener.log Command line argument: -Djava.util.logging.config.file=C:\Users\ayarkin\Desktop\tom\apache-tomcat-9.0.60\conf\logging.properties
12-May-2022 17:33:03.004 INFO [main] org.apache.catalina.startup.VersionLoggerListener.log Command line argument: -Djava.util.logging.manager=org.apache.juli.ClassLoaderLogManager
12-May-2022 17:33:03.004 INFO [main] org.apache.catalina.startup.VersionLoggerListener.log Command line argument: -Djdk.tls.ephemeralDHKeySize=2048
12-May-2022 17:33:03.004 INFO [main] org.apache.catalina.startup.VersionLoggerListener.log Command line argument: -Djava.protocol.handler.pkgs=org.apache.catalina.webresources
12-May-2022 17:33:03.004 INFO [main] org.apache.catalina.startup.VersionLoggerListener.log Command line argument: -Dignore.endorsed.dirs=
12-May-2022 17:33:03.004 INFO [main] org.apache.catalina.startup.VersionLoggerListener.log Command line argument: -Dcatalina.base=C:\Users\ayarkin\Desktop\tom\apache-tomcat-9.0.60
12-May-2022 17:33:03.004 INFO [main] org.apache.catalina.startup.VersionLoggerListener.log Command line argument: -Dcatalina.home=C:\Users\ayarkin\Desktop\tom\apache-tomcat-9.0.60
12-May-2022 17:33:03.005 INFO [main] org.apache.catalina.startup.VersionLoggerListener.log Command line argument: -Djava.io.tmpdir=C:\Users\ayarkin\Desktop\tom\apache-tomcat-9.0.60\temp
12-May-2022 17:33:03.010 INFO [main] org.apache.catalina.core.AprLifecycleListener.lifecycleEvent The Apache Tomcat Native library which allows using OpenSSL was not found on the java.library.path: [C:\Program Files\Java\jdk-17.0.1\bin;C:\WINDOWS\Sun\Java\bin;C:\WINDOWS\system32;C:\WINDOWS;C:\Program Files\Common Files\Oracle\Java\javapath;C:\WINDOWS\system32;C:\WINDOWS;C:\WINDOWS\System32\Wbem;C:\WINDOWS\System32\WindowsPowerShell\v1.0\;C:\WINDOWS\System32\OpenSSH\;C:\Program Files\PuTTY\;"-maven-4.0.0\bin;C:\Program Files\Java\jdk-17.0.1\bin";C:\Users\ayarkin\AppData\Local\Microsoft\WindowsApps;C:\Users\ayarkin\AppData\Local\GitHubDesktop\bin;C:\Program Files\JetBrains\IntelliJ IDEA 2021.3.2\bin;;;.]
12-May-2022 17:33:03.195 INFO [main] org.apache.coyote.AbstractProtocol.init Initializing ProtocolHandler ["http-nio-8080"]
12-May-2022 17:33:03.211 INFO [main] org.apache.catalina.startup.Catalina.load Server initialization in [368] milliseconds
12-May-2022 17:33:03.243 INFO [main] org.apache.catalina.core.StandardService.startInternal Starting service [Catalina]
12-May-2022 17:33:03.243 INFO [main] org.apache.catalina.core.StandardEngine.startInternal Starting Servlet engine: [Apache Tomcat/9.0.60]
12-May-2022 17:33:03.255 INFO [main] org.apache.catalina.startup.HostConfig.deployWAR Deploying web application archive [C:\Users\ayarkin\Desktop\tom\apache-tomcat-9.0.60\webapps\MVC-spring.war]
12-May-2022 17:33:05.891 INFO [main] org.apache.jasper.servlet.TldScanner.scanJars At least one JAR was scanned for TLDs yet contained no TLDs. Enable debug logging for this logger for a complete list of JARs that were scanned but no TLDs were found in them. Skipping unneeded JARs during scanning can improve startup time and JSP compilation time.
12-May-2022 17:33:11.077 INFO [main] liquibase.database.null Set default schema name to public
12-May-2022 17:33:11.176 INFO [main] liquibase.lockservice.null Successfully acquired change log lock
12-May-2022 17:33:11.184 INFO [main] liquibase.servicelocator.null Cannot load service: liquibase.parser.ChangeLogParser: liquibase.parser.core.json.JsonChangeLogParser Unable to get public no-arg constructor
12-May-2022 17:33:11.191 INFO [main] liquibase.servicelocator.null Cannot load service: liquibase.parser.ChangeLogParser: liquibase.parser.core.yaml.YamlChangeLogParser Unable to get public no-arg constructor
12-May-2022 17:33:11.629 INFO [main] liquibase.changelog.null Reading from public.databasechangelog
12-May-2022 17:33:11.683 INFO [main] liquibase.servicelocator.null Cannot load service: liquibase.hub.HubService: Provider liquibase.hub.core.StandardHubService could not be instantiated
12-May-2022 17:33:11.692 INFO [main] liquibase.lockservice.null Successfully released change log lock
12-May-2022 17:33:11.714 INFO [main] org.apache.catalina.startup.HostConfig.deployWAR Deployment of web application archive [C:\Users\ayarkin\Desktop\tom\apache-tomcat-9.0.60\webapps\MVC-spring.war] has finished in [8 458] ms
12-May-2022 17:33:11.715 INFO [main] org.apache.catalina.startup.HostConfig.deployDirectory Установка веб приложения в папку [C:\Users\ayarkin\Desktop\tom\apache-tomcat-9.0.60\webapps\docs]
12-May-2022 17:33:11.735 INFO [main] org.apache.catalina.startup.HostConfig.deployDirectory Deployment of web application directory [C:\Users\ayarkin\Desktop\tom\apache-tomcat-9.0.60\webapps\docs] has finished in [20] ms
12-May-2022 17:33:11.735 INFO [main] org.apache.catalina.startup.HostConfig.deployDirectory Установка веб приложения в папку [C:\Users\ayarkin\Desktop\tom\apache-tomcat-9.0.60\webapps\examples]
12-May-2022 17:33:12.057 INFO [main] org.apache.catalina.startup.HostConfig.deployDirectory Deployment of web application directory [C:\Users\ayarkin\Desktop\tom\apache-tomcat-9.0.60\webapps\examples] has finished in [322] ms
12-May-2022 17:33:12.057 INFO [main] org.apache.catalina.startup.HostConfig.deployDirectory Установка веб приложения в папку [C:\Users\ayarkin\Desktop\tom\apache-tomcat-9.0.60\webapps\host-manager]
12-May-2022 17:33:12.089 INFO [main] org.apache.catalina.startup.HostConfig.deployDirectory Deployment of web application directory [C:\Users\ayarkin\Desktop\tom\apache-tomcat-9.0.60\webapps\host-manager] has finished in [32] ms
12-May-2022 17:33:12.090 INFO [main] org.apache.catalina.startup.HostConfig.deployDirectory Установка веб приложения в папку [C:\Users\ayarkin\Desktop\tom\apache-tomcat-9.0.60\webapps\manager]
12-May-2022 17:33:12.123 INFO [main] org.apache.catalina.startup.HostConfig.deployDirectory Deployment of web application directory [C:\Users\ayarkin\Desktop\tom\apache-tomcat-9.0.60\webapps\manager] has finished in [33] ms
12-May-2022 17:33:12.124 INFO [main] org.apache.catalina.startup.HostConfig.deployDirectory Установка веб приложения в папку [C:\Users\ayarkin\Desktop\tom\apache-tomcat-9.0.60\webapps\ROOT]
12-May-2022 17:33:12.144 INFO [main] org.apache.catalina.startup.HostConfig.deployDirectory Deployment of web application directory [C:\Users\ayarkin\Desktop\tom\apache-tomcat-9.0.60\webapps\ROOT] has finished in [19] ms
12-May-2022 17:33:12.146 INFO [main] org.apache.coyote.AbstractProtocol.start Starting ProtocolHandler ["http-nio-8080"]
12-May-2022 17:33:12.158 INFO [main] org.apache.catalina.startup.Catalina.start Server startup in [8946] milliseconds
