NOTE: Picked up JDK_JAVA_OPTIONS:  --add-opens=java.base/java.lang=ALL-UNNAMED --add-opens=java.base/java.io=ALL-UNNAMED --add-opens=java.base/java.util=ALL-UNNAMED --add-opens=java.base/java.util.concurrent=ALL-UNNAMED --add-opens=java.rmi/sun.rmi.transport=ALL-UNNAMED
20-May-2022 11:36:01.504 INFO [main] org.apache.catalina.startup.VersionLoggerListener.log Server version name:   Apache Tomcat/9.0.60
20-May-2022 11:36:01.506 INFO [main] org.apache.catalina.startup.VersionLoggerListener.log Server built:          Mar 9 2022 14:52:25 UTC
20-May-2022 11:36:01.506 INFO [main] org.apache.catalina.startup.VersionLoggerListener.log Server version number: 9.0.60.0
20-May-2022 11:36:01.506 INFO [main] org.apache.catalina.startup.VersionLoggerListener.log OS Name:               Windows 10
20-May-2022 11:36:01.507 INFO [main] org.apache.catalina.startup.VersionLoggerListener.log Версия ОС:             10.0
20-May-2022 11:36:01.507 INFO [main] org.apache.catalina.startup.VersionLoggerListener.log Архитектура:           amd64
20-May-2022 11:36:01.507 INFO [main] org.apache.catalina.startup.VersionLoggerListener.log Java Home:             C:\Program Files\Java\jdk-17.0.1
20-May-2022 11:36:01.507 INFO [main] org.apache.catalina.startup.VersionLoggerListener.log Версия JVM:            17.0.1+12-LTS-39
20-May-2022 11:36:01.507 INFO [main] org.apache.catalina.startup.VersionLoggerListener.log JVM Vendor:            Oracle Corporation
20-May-2022 11:36:01.507 INFO [main] org.apache.catalina.startup.VersionLoggerListener.log CATALINA_BASE:         C:\Users\ayarkin\Desktop\tom\apache-tomcat-9.0.60
20-May-2022 11:36:01.507 INFO [main] org.apache.catalina.startup.VersionLoggerListener.log CATALINA_HOME:         C:\Users\ayarkin\Desktop\tom\apache-tomcat-9.0.60
20-May-2022 11:36:01.515 INFO [main] org.apache.catalina.startup.VersionLoggerListener.log Command line argument: --add-opens=java.base/java.lang=ALL-UNNAMED
20-May-2022 11:36:01.516 INFO [main] org.apache.catalina.startup.VersionLoggerListener.log Command line argument: --add-opens=java.base/java.io=ALL-UNNAMED
20-May-2022 11:36:01.516 INFO [main] org.apache.catalina.startup.VersionLoggerListener.log Command line argument: --add-opens=java.base/java.util=ALL-UNNAMED
20-May-2022 11:36:01.516 INFO [main] org.apache.catalina.startup.VersionLoggerListener.log Command line argument: --add-opens=java.base/java.util.concurrent=ALL-UNNAMED
20-May-2022 11:36:01.516 INFO [main] org.apache.catalina.startup.VersionLoggerListener.log Command line argument: --add-opens=java.rmi/sun.rmi.transport=ALL-UNNAMED
20-May-2022 11:36:01.516 INFO [main] org.apache.catalina.startup.VersionLoggerListener.log Command line argument: -Djava.util.logging.config.file=C:/Users/ayarkin/Desktop/tom/apache-tomcat-9.0.60/conf/logging.properties
20-May-2022 11:36:01.516 INFO [main] org.apache.catalina.startup.VersionLoggerListener.log Command line argument: -Djava.util.logging.manager=org.apache.juli.ClassLoaderLogManager
20-May-2022 11:36:01.516 INFO [main] org.apache.catalina.startup.VersionLoggerListener.log Command line argument: -Djdk.tls.ephemeralDHKeySize=2048
20-May-2022 11:36:01.516 INFO [main] org.apache.catalina.startup.VersionLoggerListener.log Command line argument: -Djava.protocol.handler.pkgs=org.apache.catalina.webresources
20-May-2022 11:36:01.517 INFO [main] org.apache.catalina.startup.VersionLoggerListener.log Command line argument: -Dorg.apache.catalina.security.SecurityListener.UMASK=0027
20-May-2022 11:36:01.517 INFO [main] org.apache.catalina.startup.VersionLoggerListener.log Command line argument: -Dignore.endorsed.dirs=
20-May-2022 11:36:01.517 INFO [main] org.apache.catalina.startup.VersionLoggerListener.log Command line argument: -Dcatalina.base=C:/Users/ayarkin/Desktop/tom/apache-tomcat-9.0.60
20-May-2022 11:36:01.517 INFO [main] org.apache.catalina.startup.VersionLoggerListener.log Command line argument: -Dcatalina.home=C:/Users/ayarkin/Desktop/tom/apache-tomcat-9.0.60
20-May-2022 11:36:01.517 INFO [main] org.apache.catalina.startup.VersionLoggerListener.log Command line argument: -Djava.io.tmpdir=C:/Users/ayarkin/Desktop/tom/apache-tomcat-9.0.60/temp
20-May-2022 11:36:01.521 INFO [main] org.apache.catalina.core.AprLifecycleListener.lifecycleEvent The Apache Tomcat Native library which allows using OpenSSL was not found on the java.library.path: [C:\Program Files\Java\jdk-17.0.1\bin;C:\WINDOWS\Sun\Java\bin;C:\WINDOWS\system32;C:\WINDOWS;C:\Users\ayarkin\bin;C:\Program Files\Git\mingw64\bin;C:\Program Files\Git\usr\local\bin;C:\Program Files\Git\usr\bin;C:\Program Files\Git\usr\bin;C:\Program Files\Git\mingw64\bin;C:\Program Files\Git\usr\bin;C:\Users\ayarkin\bin;C:\Program Files\Common Files\Oracle\Java\javapath;C:\WINDOWS\system32;C:\WINDOWS;C:\WINDOWS\System32\Wbem;C:\WINDOWS\System32\WindowsPowerShell\v1.0;C:\WINDOWS\System32\OpenSSH;C:\Program Files\PuTTY;C:\Program Files\Git\cmd;-maven-4.0.0\bi;C:\Program Files\Java\jdk-17.0.1\bin";C:\Users\ayarkin\AppData\Local\Microsoft\WindowsApps;C:\Users\ayarkin\AppData\Local\GitHubDesktop\bin;C:\Program Files\JetBrains\IntelliJ IDEA 2021.3.2\bin;C:\Program Files\Git\usr\bin\vendor_perl;C:\Program Files\Git\usr\bin\core_perl;.]
20-May-2022 11:36:01.704 INFO [main] org.apache.coyote.AbstractProtocol.init Initializing ProtocolHandler ["http-nio-8080"]
20-May-2022 11:36:01.721 INFO [main] org.apache.catalina.startup.Catalina.load Server initialization in [354] milliseconds
20-May-2022 11:36:01.751 INFO [main] org.apache.catalina.core.StandardService.startInternal Starting service [Catalina]
20-May-2022 11:36:01.751 INFO [main] org.apache.catalina.core.StandardEngine.startInternal Starting Servlet engine: [Apache Tomcat/9.0.60]
20-May-2022 11:36:01.767 INFO [main] org.apache.catalina.startup.HostConfig.deployWAR Deploying web application archive [C:\Users\ayarkin\Desktop\tom\apache-tomcat-9.0.60\webapps\MVC-spring.war]
20-May-2022 11:36:05.069 INFO [main] org.apache.jasper.servlet.TldScanner.scanJars At least one JAR was scanned for TLDs yet contained no TLDs. Enable debug logging for this logger for a complete list of JARs that were scanned but no TLDs were found in them. Skipping unneeded JARs during scanning can improve startup time and JSP compilation time.
SLF4J: Failed to load class "org.slf4j.impl.StaticLoggerBinder".
SLF4J: Defaulting to no-operation (NOP) logger implementation
SLF4J: See http://www.slf4j.org/codes.html#StaticLoggerBinder for further details.
20-May-2022 11:36:06.207 INFO [main] org.hibernate.Version.logVersion HHH000412: Hibernate ORM core version 5.6.7.Final
20-May-2022 11:36:07.075 INFO [main] org.hibernate.annotations.common.reflection.java.JavaReflectionManager.<clinit> HCANN000001: Hibernate Commons Annotations {5.1.2.Final}
20-May-2022 11:36:07.337 INFO [main] org.hibernate.engine.jdbc.connections.internal.ConnectionProviderInitiator.initiateService HHH000130: Instantiating explicit connection provider: org.hibernate.c3p0.internal.C3P0ConnectionProvider
20-May-2022 11:36:07.341 INFO [main] org.hibernate.c3p0.internal.C3P0ConnectionProvider.configure HHH010002: C3P0 using driver: org.postgresql.Driver at URL: jdbc:postgresql://localhost:5432/library
20-May-2022 11:36:07.342 INFO [main] org.hibernate.c3p0.internal.C3P0ConnectionProvider.configure HHH10001001: Connection properties: {handling_mode=DELAYED_ACQUISITION_AND_HOLD, CharSet=utf8, password=****, useUnicode=true, characterEncoding=utf8, user=postgres}
20-May-2022 11:36:07.342 INFO [main] org.hibernate.c3p0.internal.C3P0ConnectionProvider.configure HHH10001003: Autocommit mode: false
MLog initialization issue: slf4j found no binding or threatened to use its (dangerously silent) NOPLogger. We consider the slf4j library not found.
20-May-2022 11:36:07.383 INFO [MLog-Init-Reporter] com.mchange.v2.log.MLog. MLog clients using java 1.4+ standard logging.
20-May-2022 11:36:07.481 INFO [main] com.mchange.v2.c3p0.C3P0Registry. Initializing c3p0-0.9.5.5 [built 11-December-2019 22:18:33 -0800; debug? true; trace: 10]
20-May-2022 11:36:07.569 INFO [main] org.hibernate.c3p0.internal.C3P0ConnectionProvider.configure HHH10001007: JDBC isolation level: <unknown>
20-May-2022 11:36:07.602 INFO [main] com.mchange.v2.c3p0.impl.AbstractPoolBackedDataSource. Initializing c3p0 pool... com.mchange.v2.c3p0.PoolBackedDataSource@ebe3777f [ connectionPoolDataSource -> com.mchange.v2.c3p0.WrapperConnectionPoolDataSource@6433a6f5 [ acquireIncrement -> 3, acquireRetryAttempts -> 30, acquireRetryDelay -> 1000, autoCommitOnClose -> false, automaticTestTable -> null, breakAfterAcquireFailure -> false, checkoutTimeout -> 0, connectionCustomizerClassName -> null, connectionTesterClassName -> com.mchange.v2.c3p0.impl.DefaultConnectionTester, contextClassLoaderSource -> caller, debugUnreturnedConnectionStackTraces -> false, factoryClassLocation -> null, forceIgnoreUnresolvedTransactions -> false, forceSynchronousCheckins -> false, identityToken -> 31sqfjao1qbkas4udac28|23c9da95, idleConnectionTestPeriod -> 0, initialPoolSize -> 3, maxAdministrativeTaskTime -> 0, maxConnectionAge -> 0, maxIdleTime -> 0, maxIdleTimeExcessConnections -> 0, maxPoolSize -> 15, maxStatements -> 0, maxStatementsPerConnection -> 0, minPoolSize -> 3, nestedDataSource -> com.mchange.v2.c3p0.DriverManagerDataSource@df83b77a [ description -> null, driverClass -> null, factoryClassLocation -> null, forceUseNamedDriverClass -> false, identityToken -> 31sqfjao1qbkas4udac28|724f5157, jdbcUrl -> jdbc:postgresql://localhost:5432/library, properties -> {handling_mode=DELAYED_ACQUISITION_AND_HOLD, CharSet=utf8, password=******, useUnicode=true, characterEncoding=utf8, user=******} ], preferredTestQuery -> null, privilegeSpawnedThreads -> false, propertyCycle -> 0, statementCacheNumDeferredCloseThreads -> 0, testConnectionOnCheckin -> false, testConnectionOnCheckout -> false, unreturnedConnectionTimeout -> 0, usesTraditionalReflectiveProxies -> false; userOverrides: {} ], dataSourceName -> null, extensions -> {}, factoryClassLocation -> null, identityToken -> 31sqfjao1qbkas4udac28|430344bf, numHelperThreads -> 3 ]
20-May-2022 11:36:08.030 INFO [main] org.hibernate.dialect.Dialect.<init> HHH000400: Using dialect: org.hibernate.dialect.SQLServerDialect
20-May-2022 11:36:09.183 INFO [main] org.hibernate.engine.transaction.jta.platform.internal.JtaPlatformInitiator.initiateService HHH000490: Using JtaPlatform implementation: [org.hibernate.engine.transaction.jta.platform.internal.NoJtaPlatform]
20-May-2022 11:36:09.509 INFO [main] org.hibernate.engine.jdbc.connections.internal.ConnectionProviderInitiator.initiateService HHH000130: Instantiating explicit connection provider: org.hibernate.c3p0.internal.C3P0ConnectionProvider
20-May-2022 11:36:09.510 INFO [main] org.hibernate.c3p0.internal.C3P0ConnectionProvider.configure HHH010002: C3P0 using driver: org.postgresql.Driver at URL: jdbc:postgresql://localhost:5432/library
20-May-2022 11:36:09.510 INFO [main] org.hibernate.c3p0.internal.C3P0ConnectionProvider.configure HHH10001001: Connection properties: {handling_mode=DELAYED_ACQUISITION_AND_HOLD, CharSet=utf8, password=****, useUnicode=true, characterEncoding=utf8, user=postgres}
20-May-2022 11:36:09.510 INFO [main] org.hibernate.c3p0.internal.C3P0ConnectionProvider.configure HHH10001003: Autocommit mode: false
20-May-2022 11:36:09.599 INFO [main] org.hibernate.c3p0.internal.C3P0ConnectionProvider.configure HHH10001007: JDBC isolation level: <unknown>
20-May-2022 11:36:09.600 INFO [main] com.mchange.v2.c3p0.impl.AbstractPoolBackedDataSource. Initializing c3p0 pool... com.mchange.v2.c3p0.PoolBackedDataSource@cabcf9be [ connectionPoolDataSource -> com.mchange.v2.c3p0.WrapperConnectionPoolDataSource@d9b94d67 [ acquireIncrement -> 3, acquireRetryAttempts -> 30, acquireRetryDelay -> 1000, autoCommitOnClose -> false, automaticTestTable -> null, breakAfterAcquireFailure -> false, checkoutTimeout -> 0, connectionCustomizerClassName -> null, connectionTesterClassName -> com.mchange.v2.c3p0.impl.DefaultConnectionTester, contextClassLoaderSource -> caller, debugUnreturnedConnectionStackTraces -> false, factoryClassLocation -> null, forceIgnoreUnresolvedTransactions -> false, forceSynchronousCheckins -> false, identityToken -> 31sqfjao1qbkas4udac28|7ad9ff43, idleConnectionTestPeriod -> 0, initialPoolSize -> 3, maxAdministrativeTaskTime -> 0, maxConnectionAge -> 0, maxIdleTime -> 0, maxIdleTimeExcessConnections -> 0, maxPoolSize -> 15, maxStatements -> 0, maxStatementsPerConnection -> 0, minPoolSize -> 3, nestedDataSource -> com.mchange.v2.c3p0.DriverManagerDataSource@28bfe501 [ description -> null, driverClass -> null, factoryClassLocation -> null, forceUseNamedDriverClass -> false, identityToken -> 31sqfjao1qbkas4udac28|7a615950, jdbcUrl -> jdbc:postgresql://localhost:5432/library, properties -> {handling_mode=DELAYED_ACQUISITION_AND_HOLD, CharSet=utf8, password=******, useUnicode=true, characterEncoding=utf8, user=******} ], preferredTestQuery -> null, privilegeSpawnedThreads -> false, propertyCycle -> 0, statementCacheNumDeferredCloseThreads -> 0, testConnectionOnCheckin -> false, testConnectionOnCheckout -> false, unreturnedConnectionTimeout -> 0, usesTraditionalReflectiveProxies -> false; userOverrides: {} ], dataSourceName -> null, extensions -> {}, factoryClassLocation -> null, identityToken -> 31sqfjao1qbkas4udac28|3a3a93b3, numHelperThreads -> 3 ]
20-May-2022 11:36:09.650 INFO [main] org.hibernate.dialect.Dialect.<init> HHH000400: Using dialect: org.hibernate.dialect.SQLServerDialect
20-May-2022 11:36:09.715 INFO [main] org.hibernate.engine.transaction.jta.platform.internal.JtaPlatformInitiator.initiateService HHH000490: Using JtaPlatform implementation: [org.hibernate.engine.transaction.jta.platform.internal.NoJtaPlatform]
20-May-2022 11:36:11.087 INFO [main] liquibase.database.null Set default schema name to public
20-May-2022 11:36:11.202 INFO [main] liquibase.lockservice.null Successfully acquired change log lock
20-May-2022 11:36:11.212 INFO [main] liquibase.servicelocator.null Cannot load service: liquibase.parser.ChangeLogParser: liquibase.parser.core.json.JsonChangeLogParser Unable to get public no-arg constructor
20-May-2022 11:36:11.221 INFO [main] liquibase.servicelocator.null Cannot load service: liquibase.parser.ChangeLogParser: liquibase.parser.core.yaml.YamlChangeLogParser Unable to get public no-arg constructor
20-May-2022 11:36:11.737 INFO [main] liquibase.changelog.null Reading from public.databasechangelog
20-May-2022 11:36:11.812 INFO [main] liquibase.servicelocator.null Cannot load service: liquibase.hub.HubService: Provider liquibase.hub.core.StandardHubService could not be instantiated
20-May-2022 11:36:11.820 INFO [main] liquibase.lockservice.null Successfully released change log lock
20-May-2022 11:36:11.847 INFO [main] org.apache.catalina.startup.HostConfig.deployWAR Deployment of web application archive [C:\Users\ayarkin\Desktop\tom\apache-tomcat-9.0.60\webapps\MVC-spring.war] has finished in [10 080] ms
20-May-2022 11:36:11.848 INFO [main] org.apache.catalina.startup.HostConfig.deployDirectory Установка веб приложения в папку [C:\Users\ayarkin\Desktop\tom\apache-tomcat-9.0.60\webapps\docs]
20-May-2022 11:36:11.879 INFO [main] org.apache.catalina.startup.HostConfig.deployDirectory Deployment of web application directory [C:\Users\ayarkin\Desktop\tom\apache-tomcat-9.0.60\webapps\docs] has finished in [31] ms
20-May-2022 11:36:11.880 INFO [main] org.apache.catalina.startup.HostConfig.deployDirectory Установка веб приложения в папку [C:\Users\ayarkin\Desktop\tom\apache-tomcat-9.0.60\webapps\examples]
20-May-2022 11:36:12.151 SEVERE [main] org.apache.catalina.core.StandardContext.startInternal One or more listeners failed to start. Full details will be found in the appropriate container log file
20-May-2022 11:36:12.152 SEVERE [main] org.apache.catalina.core.StandardContext.startInternal Context [/examples] startup failed due to previous errors
20-May-2022 11:36:12.162 INFO [main] org.apache.catalina.startup.HostConfig.deployDirectory Deployment of web application directory [C:\Users\ayarkin\Desktop\tom\apache-tomcat-9.0.60\webapps\examples] has finished in [282] ms
20-May-2022 11:36:12.163 INFO [main] org.apache.catalina.startup.HostConfig.deployDirectory Установка веб приложения в папку [C:\Users\ayarkin\Desktop\tom\apache-tomcat-9.0.60\webapps\host-manager]
20-May-2022 11:36:12.202 INFO [main] org.apache.catalina.startup.HostConfig.deployDirectory Deployment of web application directory [C:\Users\ayarkin\Desktop\tom\apache-tomcat-9.0.60\webapps\host-manager] has finished in [39] ms
20-May-2022 11:36:12.202 INFO [main] org.apache.catalina.startup.HostConfig.deployDirectory Установка веб приложения в папку [C:\Users\ayarkin\Desktop\tom\apache-tomcat-9.0.60\webapps\manager]
20-May-2022 11:36:12.238 INFO [main] org.apache.catalina.startup.HostConfig.deployDirectory Deployment of web application directory [C:\Users\ayarkin\Desktop\tom\apache-tomcat-9.0.60\webapps\manager] has finished in [36] ms
20-May-2022 11:36:12.238 INFO [main] org.apache.catalina.startup.HostConfig.deployDirectory Установка веб приложения в папку [C:\Users\ayarkin\Desktop\tom\apache-tomcat-9.0.60\webapps\ROOT]
20-May-2022 11:36:12.259 INFO [main] org.apache.catalina.startup.HostConfig.deployDirectory Deployment of web application directory [C:\Users\ayarkin\Desktop\tom\apache-tomcat-9.0.60\webapps\ROOT] has finished in [21] ms
20-May-2022 11:36:12.263 INFO [main] org.apache.coyote.AbstractProtocol.start Starting ProtocolHandler ["http-nio-8080"]
20-May-2022 11:36:12.280 INFO [main] org.apache.catalina.startup.Catalina.start Server startup in [10559] milliseconds
20-May-2022 11:42:03.207 INFO [Catalina-utility-1] org.apache.catalina.startup.HostConfig.undeploy Undeploying context [/MVC-spring]
20-May-2022 11:42:03.213 WARNING [Catalina-utility-1] org.apache.catalina.loader.WebappClassLoaderBase.clearReferencesJdbc The web application [MVC-spring] registered the JDBC driver [org.postgresql.Driver] but failed to unregister it when the web application was stopped. To prevent a memory leak, the JDBC Driver has been forcibly unregistered.
20-May-2022 11:42:03.214 WARNING [Catalina-utility-1] org.apache.catalina.loader.WebappClassLoaderBase.clearReferencesThreads The web application [MVC-spring] appears to have started a thread named [C3P0PooledConnectionPoolManager[identityToken->31sqfjao1qbkas4udac28|430344bf]-AdminTaskTimer] but has failed to stop it. This is very likely to create a memory leak. Stack trace of thread:
 java.base@17.0.1/java.lang.Object.wait(Native Method)
 java.base@17.0.1/java.util.TimerThread.mainLoop(Timer.java:563)
 java.base@17.0.1/java.util.TimerThread.run(Timer.java:516)
20-May-2022 11:42:03.215 WARNING [Catalina-utility-1] org.apache.catalina.loader.WebappClassLoaderBase.clearReferencesThreads The web application [MVC-spring] appears to have started a thread named [C3P0PooledConnectionPoolManager[identityToken->31sqfjao1qbkas4udac28|430344bf]-HelperThread-#0] but has failed to stop it. This is very likely to create a memory leak. Stack trace of thread:
 java.base@17.0.1/java.lang.Object.wait(Native Method)
 com.mchange.v2.async.ThreadPoolAsynchronousRunner$PoolThread.run(ThreadPoolAsynchronousRunner.java:683)
20-May-2022 11:42:03.215 WARNING [Catalina-utility-1] org.apache.catalina.loader.WebappClassLoaderBase.clearReferencesThreads The web application [MVC-spring] appears to have started a thread named [C3P0PooledConnectionPoolManager[identityToken->31sqfjao1qbkas4udac28|430344bf]-HelperThread-#1] but has failed to stop it. This is very likely to create a memory leak. Stack trace of thread:
 java.base@17.0.1/java.lang.Object.wait(Native Method)
 com.mchange.v2.async.ThreadPoolAsynchronousRunner$PoolThread.run(ThreadPoolAsynchronousRunner.java:683)
20-May-2022 11:42:03.216 WARNING [Catalina-utility-1] org.apache.catalina.loader.WebappClassLoaderBase.clearReferencesThreads The web application [MVC-spring] appears to have started a thread named [C3P0PooledConnectionPoolManager[identityToken->31sqfjao1qbkas4udac28|430344bf]-HelperThread-#2] but has failed to stop it. This is very likely to create a memory leak. Stack trace of thread:
 java.base@17.0.1/java.lang.Object.wait(Native Method)
 com.mchange.v2.async.ThreadPoolAsynchronousRunner$PoolThread.run(ThreadPoolAsynchronousRunner.java:683)
20-May-2022 11:42:03.216 WARNING [Catalina-utility-1] org.apache.catalina.loader.WebappClassLoaderBase.clearReferencesThreads The web application [MVC-spring] appears to have started a thread named [C3P0PooledConnectionPoolManager[identityToken->31sqfjao1qbkas4udac28|3a3a93b3]-AdminTaskTimer] but has failed to stop it. This is very likely to create a memory leak. Stack trace of thread:
 java.base@17.0.1/java.lang.Object.wait(Native Method)
 java.base@17.0.1/java.util.TimerThread.mainLoop(Timer.java:563)
 java.base@17.0.1/java.util.TimerThread.run(Timer.java:516)
20-May-2022 11:42:03.216 WARNING [Catalina-utility-1] org.apache.catalina.loader.WebappClassLoaderBase.clearReferencesThreads The web application [MVC-spring] appears to have started a thread named [C3P0PooledConnectionPoolManager[identityToken->31sqfjao1qbkas4udac28|3a3a93b3]-HelperThread-#0] but has failed to stop it. This is very likely to create a memory leak. Stack trace of thread:
 java.base@17.0.1/java.lang.Object.wait(Native Method)
 com.mchange.v2.async.ThreadPoolAsynchronousRunner$PoolThread.run(ThreadPoolAsynchronousRunner.java:683)
20-May-2022 11:42:03.217 WARNING [Catalina-utility-1] org.apache.catalina.loader.WebappClassLoaderBase.clearReferencesThreads The web application [MVC-spring] appears to have started a thread named [C3P0PooledConnectionPoolManager[identityToken->31sqfjao1qbkas4udac28|3a3a93b3]-HelperThread-#1] but has failed to stop it. This is very likely to create a memory leak. Stack trace of thread:
 java.base@17.0.1/java.lang.Object.wait(Native Method)
 com.mchange.v2.async.ThreadPoolAsynchronousRunner$PoolThread.run(ThreadPoolAsynchronousRunner.java:683)
20-May-2022 11:42:03.217 WARNING [Catalina-utility-1] org.apache.catalina.loader.WebappClassLoaderBase.clearReferencesThreads The web application [MVC-spring] appears to have started a thread named [C3P0PooledConnectionPoolManager[identityToken->31sqfjao1qbkas4udac28|3a3a93b3]-HelperThread-#2] but has failed to stop it. This is very likely to create a memory leak. Stack trace of thread:
 java.base@17.0.1/java.lang.Object.wait(Native Method)
 com.mchange.v2.async.ThreadPoolAsynchronousRunner$PoolThread.run(ThreadPoolAsynchronousRunner.java:683)
20-May-2022 11:42:13.235 INFO [Catalina-utility-1] org.apache.catalina.startup.HostConfig.deployWAR Deploying web application archive [C:\Users\ayarkin\Desktop\tom\apache-tomcat-9.0.60\webapps\MVC-spring.war]
20-May-2022 11:42:18.319 INFO [Catalina-utility-1] org.apache.jasper.servlet.TldScanner.scanJars At least one JAR was scanned for TLDs yet contained no TLDs. Enable debug logging for this logger for a complete list of JARs that were scanned but no TLDs were found in them. Skipping unneeded JARs during scanning can improve startup time and JSP compilation time.
SLF4J: Failed to load class "org.slf4j.impl.StaticLoggerBinder".
SLF4J: Defaulting to no-operation (NOP) logger implementation
SLF4J: See http://www.slf4j.org/codes.html#StaticLoggerBinder for further details.
20-May-2022 11:42:19.138 INFO [Catalina-utility-1] org.hibernate.Version.logVersion HHH000412: Hibernate ORM core version 5.6.7.Final
20-May-2022 11:42:19.825 INFO [Catalina-utility-1] org.hibernate.annotations.common.reflection.java.JavaReflectionManager.<clinit> HCANN000001: Hibernate Commons Annotations {5.1.2.Final}
20-May-2022 11:42:20.024 INFO [Catalina-utility-1] org.hibernate.engine.jdbc.connections.internal.ConnectionProviderInitiator.initiateService HHH000130: Instantiating explicit connection provider: org.hibernate.c3p0.internal.C3P0ConnectionProvider
20-May-2022 11:42:20.029 INFO [Catalina-utility-1] org.hibernate.c3p0.internal.C3P0ConnectionProvider.configure HHH010002: C3P0 using driver: org.postgresql.Driver at URL: jdbc:postgresql://localhost:5432/library
20-May-2022 11:42:20.029 INFO [Catalina-utility-1] org.hibernate.c3p0.internal.C3P0ConnectionProvider.configure HHH10001001: Connection properties: {handling_mode=DELAYED_ACQUISITION_AND_HOLD, CharSet=utf8, password=****, useUnicode=true, characterEncoding=utf8, user=postgres}
20-May-2022 11:42:20.029 INFO [Catalina-utility-1] org.hibernate.c3p0.internal.C3P0ConnectionProvider.configure HHH10001003: Autocommit mode: false
MLog initialization issue: slf4j found no binding or threatened to use its (dangerously silent) NOPLogger. We consider the slf4j library not found.
20-May-2022 11:42:20.061 INFO [MLog-Init-Reporter] com.mchange.v2.log.MLog. MLog clients using java 1.4+ standard logging.
20-May-2022 11:42:20.146 INFO [Catalina-utility-1] com.mchange.v2.c3p0.C3P0Registry. Initializing c3p0-0.9.5.5 [built 11-December-2019 22:18:33 -0800; debug? true; trace: 10]
20-May-2022 11:42:20.148 WARNING [Catalina-utility-1] com.mchange.v2.c3p0.management.ActiveManagementCoordinator. A C3P0Registry mbean is already registered. This probably means that an application using c3p0 was undeployed, but not all PooledDataSources were closed prior to undeployment. This may lead to resource leaks over time. Please take care to close all PooledDataSources.
20-May-2022 11:42:20.227 INFO [Catalina-utility-1] org.hibernate.c3p0.internal.C3P0ConnectionProvider.configure HHH10001007: JDBC isolation level: <unknown>
20-May-2022 11:42:20.263 INFO [Catalina-utility-1] com.mchange.v2.c3p0.impl.AbstractPoolBackedDataSource. Initializing c3p0 pool... com.mchange.v2.c3p0.PoolBackedDataSource@b417e2e1 [ connectionPoolDataSource -> com.mchange.v2.c3p0.WrapperConnectionPoolDataSource@7af63027 [ acquireIncrement -> 3, acquireRetryAttempts -> 30, acquireRetryDelay -> 1000, autoCommitOnClose -> false, automaticTestTable -> null, breakAfterAcquireFailure -> false, checkoutTimeout -> 0, connectionCustomizerClassName -> null, connectionTesterClassName -> com.mchange.v2.c3p0.impl.DefaultConnectionTester, contextClassLoaderSource -> caller, debugUnreturnedConnectionStackTraces -> false, factoryClassLocation -> null, forceIgnoreUnresolvedTransactions -> false, forceSynchronousCheckins -> false, identityToken -> 31sqfjao1qbsac11ugd3f0|50798ddc, idleConnectionTestPeriod -> 0, initialPoolSize -> 3, maxAdministrativeTaskTime -> 0, maxConnectionAge -> 0, maxIdleTime -> 0, maxIdleTimeExcessConnections -> 0, maxPoolSize -> 15, maxStatements -> 0, maxStatementsPerConnection -> 0, minPoolSize -> 3, nestedDataSource -> com.mchange.v2.c3p0.DriverManagerDataSource@d92b3402 [ description -> null, driverClass -> null, factoryClassLocation -> null, forceUseNamedDriverClass -> false, identityToken -> 31sqfjao1qbsac11ugd3f0|58444b84, jdbcUrl -> jdbc:postgresql://localhost:5432/library, properties -> {handling_mode=DELAYED_ACQUISITION_AND_HOLD, CharSet=utf8, password=******, useUnicode=true, characterEncoding=utf8, user=******} ], preferredTestQuery -> null, privilegeSpawnedThreads -> false, propertyCycle -> 0, statementCacheNumDeferredCloseThreads -> 0, testConnectionOnCheckin -> false, testConnectionOnCheckout -> false, unreturnedConnectionTimeout -> 0, usesTraditionalReflectiveProxies -> false; userOverrides: {} ], dataSourceName -> null, extensions -> {}, factoryClassLocation -> null, identityToken -> 31sqfjao1qbsac11ugd3f0|78f41be3, numHelperThreads -> 3 ]
20-May-2022 11:42:20.547 INFO [Catalina-utility-1] org.hibernate.dialect.Dialect.<init> HHH000400: Using dialect: org.hibernate.dialect.SQLServerDialect
20-May-2022 11:42:21.586 INFO [Catalina-utility-1] org.hibernate.engine.transaction.jta.platform.internal.JtaPlatformInitiator.initiateService HHH000490: Using JtaPlatform implementation: [org.hibernate.engine.transaction.jta.platform.internal.NoJtaPlatform]
20-May-2022 11:42:21.814 INFO [Catalina-utility-1] org.hibernate.engine.jdbc.connections.internal.ConnectionProviderInitiator.initiateService HHH000130: Instantiating explicit connection provider: org.hibernate.c3p0.internal.C3P0ConnectionProvider
20-May-2022 11:42:21.814 INFO [Catalina-utility-1] org.hibernate.c3p0.internal.C3P0ConnectionProvider.configure HHH010002: C3P0 using driver: org.postgresql.Driver at URL: jdbc:postgresql://localhost:5432/library
20-May-2022 11:42:21.814 INFO [Catalina-utility-1] org.hibernate.c3p0.internal.C3P0ConnectionProvider.configure HHH10001001: Connection properties: {handling_mode=DELAYED_ACQUISITION_AND_HOLD, CharSet=utf8, password=****, useUnicode=true, characterEncoding=utf8, user=postgres}
20-May-2022 11:42:21.815 INFO [Catalina-utility-1] org.hibernate.c3p0.internal.C3P0ConnectionProvider.configure HHH10001003: Autocommit mode: false
20-May-2022 11:42:21.883 INFO [Catalina-utility-1] org.hibernate.c3p0.internal.C3P0ConnectionProvider.configure HHH10001007: JDBC isolation level: <unknown>
20-May-2022 11:42:21.884 INFO [Catalina-utility-1] com.mchange.v2.c3p0.impl.AbstractPoolBackedDataSource. Initializing c3p0 pool... com.mchange.v2.c3p0.PoolBackedDataSource@31752d6e [ connectionPoolDataSource -> com.mchange.v2.c3p0.WrapperConnectionPoolDataSource@ed23b7f1 [ acquireIncrement -> 3, acquireRetryAttempts -> 30, acquireRetryDelay -> 1000, autoCommitOnClose -> false, automaticTestTable -> null, breakAfterAcquireFailure -> false, checkoutTimeout -> 0, connectionCustomizerClassName -> null, connectionTesterClassName -> com.mchange.v2.c3p0.impl.DefaultConnectionTester, contextClassLoaderSource -> caller, debugUnreturnedConnectionStackTraces -> false, factoryClassLocation -> null, forceIgnoreUnresolvedTransactions -> false, forceSynchronousCheckins -> false, identityToken -> 31sqfjao1qbsac11ugd3f0|6a9f15df, idleConnectionTestPeriod -> 0, initialPoolSize -> 3, maxAdministrativeTaskTime -> 0, maxConnectionAge -> 0, maxIdleTime -> 0, maxIdleTimeExcessConnections -> 0, maxPoolSize -> 15, maxStatements -> 0, maxStatementsPerConnection -> 0, minPoolSize -> 3, nestedDataSource -> com.mchange.v2.c3p0.DriverManagerDataSource@753238b2 [ description -> null, driverClass -> null, factoryClassLocation -> null, forceUseNamedDriverClass -> false, identityToken -> 31sqfjao1qbsac11ugd3f0|3cbaedc2, jdbcUrl -> jdbc:postgresql://localhost:5432/library, properties -> {handling_mode=DELAYED_ACQUISITION_AND_HOLD, CharSet=utf8, password=******, useUnicode=true, characterEncoding=utf8, user=******} ], preferredTestQuery -> null, privilegeSpawnedThreads -> false, propertyCycle -> 0, statementCacheNumDeferredCloseThreads -> 0, testConnectionOnCheckin -> false, testConnectionOnCheckout -> false, unreturnedConnectionTimeout -> 0, usesTraditionalReflectiveProxies -> false; userOverrides: {} ], dataSourceName -> null, extensions -> {}, factoryClassLocation -> null, identityToken -> 31sqfjao1qbsac11ugd3f0|3a38cb7f, numHelperThreads -> 3 ]
20-May-2022 11:42:21.933 INFO [Catalina-utility-1] org.hibernate.dialect.Dialect.<init> HHH000400: Using dialect: org.hibernate.dialect.SQLServerDialect
20-May-2022 11:42:22.007 INFO [Catalina-utility-1] org.hibernate.engine.transaction.jta.platform.internal.JtaPlatformInitiator.initiateService HHH000490: Using JtaPlatform implementation: [org.hibernate.engine.transaction.jta.platform.internal.NoJtaPlatform]
20-May-2022 11:42:23.405 INFO [Catalina-utility-1] liquibase.database.null Set default schema name to public
20-May-2022 11:42:23.490 INFO [Catalina-utility-1] liquibase.lockservice.null Successfully acquired change log lock
20-May-2022 11:42:23.498 INFO [Catalina-utility-1] liquibase.servicelocator.null Cannot load service: liquibase.parser.ChangeLogParser: liquibase.parser.core.json.JsonChangeLogParser Unable to get public no-arg constructor
20-May-2022 11:42:23.503 INFO [Catalina-utility-1] liquibase.servicelocator.null Cannot load service: liquibase.parser.ChangeLogParser: liquibase.parser.core.yaml.YamlChangeLogParser Unable to get public no-arg constructor
20-May-2022 11:42:23.865 INFO [Catalina-utility-1] liquibase.changelog.null Reading from public.databasechangelog
20-May-2022 11:42:23.908 INFO [Catalina-utility-1] liquibase.servicelocator.null Cannot load service: liquibase.hub.HubService: Provider liquibase.hub.core.StandardHubService could not be instantiated
20-May-2022 11:42:23.915 INFO [Catalina-utility-1] liquibase.lockservice.null Successfully released change log lock
20-May-2022 11:42:23.924 INFO [Catalina-utility-1] org.apache.catalina.startup.HostConfig.deployWAR Deployment of web application archive [C:\Users\ayarkin\Desktop\tom\apache-tomcat-9.0.60\webapps\MVC-spring.war] has finished in [10 689] ms
Hibernate: select libraries0_.id as id1_1_, libraries0_.name as name2_1_, libraries0_.source_language_id as source_l3_1_, libraries0_.target_language_id as target_l4_1_ from libraries libraries0_
Hibernate: select languages0_.id as id1_0_0_, languages0_.language as language2_0_0_ from languages languages0_ where languages0_.id=?
Hibernate: select languages0_.id as id1_0_0_, languages0_.language as language2_0_0_ from languages languages0_ where languages0_.id=?
Hibernate: select languages0_.id as id1_0_0_, languages0_.language as language2_0_0_ from languages languages0_ where languages0_.id=?
Hibernate: select languages0_.id as id1_0_0_, languages0_.language as language2_0_0_ from languages languages0_ where languages0_.id=?
Hibernate: select libraries0_.id as id1_1_, libraries0_.name as name2_1_, libraries0_.source_language_id as source_l3_1_, libraries0_.target_language_id as target_l4_1_ from libraries libraries0_ where libraries0_.id=?
Hibernate: select languages0_.id as id1_0_0_, languages0_.language as language2_0_0_ from languages languages0_ where languages0_.id=?
Hibernate: select languages0_.id as id1_0_0_, languages0_.language as language2_0_0_ from languages languages0_ where languages0_.id=?
Hibernate: select libraries0_.id as id1_1_, libraries0_.name as name2_1_, libraries0_.source_language_id as source_l3_1_, libraries0_.target_language_id as target_l4_1_ from libraries libraries0_ where libraries0_.id=?
Hibernate: select languages0_.id as id1_0_0_, languages0_.language as language2_0_0_ from languages languages0_ where languages0_.id=?
Hibernate: select languages0_.id as id1_0_0_, languages0_.language as language2_0_0_ from languages languages0_ where languages0_.id=?
Hibernate: select libraries0_.id as id1_1_, libraries0_.name as name2_1_, libraries0_.source_language_id as source_l3_1_, libraries0_.target_language_id as target_l4_1_ from libraries libraries0_ where libraries0_.id=?
Hibernate: select languages0_.id as id1_0_0_, languages0_.language as language2_0_0_ from languages languages0_ where languages0_.id=?
Hibernate: select languages0_.id as id1_0_0_, languages0_.language as language2_0_0_ from languages languages0_ where languages0_.id=?
Hibernate: select libraries0_.id as id1_1_, libraries0_.name as name2_1_, libraries0_.source_language_id as source_l3_1_, libraries0_.target_language_id as target_l4_1_ from libraries libraries0_ where libraries0_.id=?
Hibernate: select languages0_.id as id1_0_0_, languages0_.language as language2_0_0_ from languages languages0_ where languages0_.id=?
Hibernate: select languages0_.id as id1_0_0_, languages0_.language as language2_0_0_ from languages languages0_ where languages0_.id=?
Hibernate: select rules0_.id as id1_2_, rules0_.language_id as language3_2_, rules0_.rule as rule2_2_ from rules rules0_ where rules0_.language_id=?
Hibernate: select rules0_.id as id1_2_, rules0_.language_id as language3_2_, rules0_.rule as rule2_2_ from rules rules0_ where rules0_.language_id=?
Hibernate: select words0_.id as id1_4_, words0_.language_id as language3_4_, words0_.value as value2_4_ from words words0_
Hibernate: select languages0_.id as id1_0_0_, languages0_.language as language2_0_0_ from languages languages0_ where languages0_.id=?
Hibernate: select languages0_.id as id1_0_0_, languages0_.language as language2_0_0_ from languages languages0_ where languages0_.id=?
Hibernate: insert into words (language_id, value) values (?, ?)
Hibernate: insert into words (language_id, value) values (?, ?)
Hibernate: insert into translate (source_language_id, source_word_id, target_language_id, target_word_id) values (?, ?, ?, ?)
Hibernate: select libraries0_.id as id1_1_, libraries0_.name as name2_1_, libraries0_.source_language_id as source_l3_1_, libraries0_.target_language_id as target_l4_1_ from libraries libraries0_ where libraries0_.id=?
Hibernate: select languages0_.id as id1_0_0_, languages0_.language as language2_0_0_ from languages languages0_ where languages0_.id=?
Hibernate: select languages0_.id as id1_0_0_, languages0_.language as language2_0_0_ from languages languages0_ where languages0_.id=?
