12-May-2022 17:23:00.236 INFO [main] org.apache.catalina.core.ApplicationContext.log ContextListener: contextInitialized()
12-May-2022 17:23:00.236 INFO [main] org.apache.catalina.core.ApplicationContext.log SessionListener: contextInitialized()
12-May-2022 17:23:00.238 INFO [main] org.apache.catalina.core.ApplicationContext.log ContextListener: attributeAdded('StockTicker', 'async.Stockticker@4052274f')
12-May-2022 17:24:22.342 INFO [main] org.apache.catalina.core.ApplicationContext.log 1 Spring WebApplicationInitializers detected on classpath
12-May-2022 17:24:22.410 INFO [main] org.apache.catalina.core.ApplicationContext.log Initializing Spring root WebApplicationContext
12-May-2022 17:24:26.014 INFO [main] org.apache.catalina.core.ApplicationContext.log Initializing Spring DispatcherServlet 'dispatcher'
12-May-2022 17:24:28.707 INFO [main] org.apache.catalina.core.ApplicationContext.log ContextListener: contextInitialized()
12-May-2022 17:24:28.707 INFO [main] org.apache.catalina.core.ApplicationContext.log SessionListener: contextInitialized()
12-May-2022 17:24:28.709 INFO [main] org.apache.catalina.core.ApplicationContext.log ContextListener: attributeAdded('StockTicker', 'async.Stockticker@7c972748')
12-May-2022 17:27:05.303 INFO [main] org.apache.catalina.core.ApplicationContext.log 1 Spring WebApplicationInitializers detected on classpath
12-May-2022 17:27:05.366 INFO [main] org.apache.catalina.core.ApplicationContext.log Initializing Spring root WebApplicationContext
12-May-2022 17:27:08.901 INFO [main] org.apache.catalina.core.ApplicationContext.log Initializing Spring DispatcherServlet 'dispatcher'
12-May-2022 17:27:11.394 INFO [main] org.apache.catalina.core.ApplicationContext.log ContextListener: contextInitialized()
12-May-2022 17:27:11.394 INFO [main] org.apache.catalina.core.ApplicationContext.log SessionListener: contextInitialized()
12-May-2022 17:27:11.396 INFO [main] org.apache.catalina.core.ApplicationContext.log ContextListener: attributeAdded('StockTicker', 'async.Stockticker@2b4ab7')
12-May-2022 17:28:35.174 INFO [main] org.apache.catalina.core.ApplicationContext.log 1 Spring WebApplicationInitializers detected on classpath
12-May-2022 17:28:35.237 INFO [main] org.apache.catalina.core.ApplicationContext.log Initializing Spring root WebApplicationContext
12-May-2022 17:28:38.768 INFO [main] org.apache.catalina.core.ApplicationContext.log Initializing Spring DispatcherServlet 'dispatcher'
12-May-2022 17:28:41.258 INFO [main] org.apache.catalina.core.ApplicationContext.log ContextListener: contextInitialized()
12-May-2022 17:28:41.258 INFO [main] org.apache.catalina.core.ApplicationContext.log SessionListener: contextInitialized()
12-May-2022 17:28:41.259 INFO [main] org.apache.catalina.core.ApplicationContext.log ContextListener: attributeAdded('StockTicker', 'async.Stockticker@2bcacf82')
12-May-2022 17:31:28.122 INFO [main] org.apache.catalina.core.ApplicationContext.log 1 Spring WebApplicationInitializers detected on classpath
12-May-2022 17:31:28.185 INFO [main] org.apache.catalina.core.ApplicationContext.log Initializing Spring root WebApplicationContext
12-May-2022 17:31:31.741 INFO [main] org.apache.catalina.core.ApplicationContext.log Initializing Spring DispatcherServlet 'dispatcher'
12-May-2022 17:31:34.255 INFO [main] org.apache.catalina.core.ApplicationContext.log ContextListener: contextInitialized()
12-May-2022 17:31:34.255 INFO [main] org.apache.catalina.core.ApplicationContext.log SessionListener: contextInitialized()
12-May-2022 17:31:34.256 INFO [main] org.apache.catalina.core.ApplicationContext.log ContextListener: attributeAdded('StockTicker', 'async.Stockticker@cce1aeb')
12-May-2022 17:32:52.243 SEVERE [http-nio-8080-exec-3] org.apache.catalina.core.StandardWrapperValve.invoke Servlet.service() для сервлета [dispatcher] в контексте с путем [/MVC-spring] выбросил исключение [Request processing failed; nested exception is org.thymeleaf.exceptions.TemplateProcessingException: Exception evaluating SpringEL expression: "result.getSourceWordsId().getValue()" (template: "menu/command/search" - line 35, col 22)] с первопричиной
	org.springframework.expression.spel.SpelEvaluationException: EL1011E: Method call: Attempted to call method getSourceWordsId() on null context object
		at org.springframework.expression.spel.ast.MethodReference.throwIfNotNullSafe(MethodReference.java:154)
		at org.springframework.expression.spel.ast.MethodReference.getValueInternal(MethodReference.java:105)
		at org.springframework.expression.spel.ast.MethodReference.getValueInternal(MethodReference.java:95)
		at org.springframework.expression.spel.ast.CompoundExpression.getValueRef(CompoundExpression.java:61)
		at org.springframework.expression.spel.ast.CompoundExpression.getValueInternal(CompoundExpression.java:91)
		at org.springframework.expression.spel.ast.SpelNodeImpl.getValue(SpelNodeImpl.java:112)
		at org.springframework.expression.spel.standard.SpelExpression.getValue(SpelExpression.java:338)
		at org.thymeleaf.spring5.expression.SPELVariableExpressionEvaluator.evaluate(SPELVariableExpressionEvaluator.java:265)
		at org.thymeleaf.standard.expression.VariableExpression.executeVariableExpression(VariableExpression.java:166)
		at org.thymeleaf.standard.expression.SimpleExpression.executeSimple(SimpleExpression.java:66)
		at org.thymeleaf.standard.expression.Expression.execute(Expression.java:109)
		at org.thymeleaf.standard.expression.Expression.execute(Expression.java:138)
		at org.thymeleaf.standard.processor.AbstractStandardExpressionAttributeTagProcessor.doProcess(AbstractStandardExpressionAttributeTagProcessor.java:144)
		at org.thymeleaf.processor.element.AbstractAttributeTagProcessor.doProcess(AbstractAttributeTagProcessor.java:74)
		at org.thymeleaf.processor.element.AbstractElementTagProcessor.process(AbstractElementTagProcessor.java:95)
		at org.thymeleaf.util.ProcessorConfigurationUtils$ElementTagProcessorWrapper.process(ProcessorConfigurationUtils.java:633)
		at org.thymeleaf.engine.ProcessorTemplateHandler.handleOpenElement(ProcessorTemplateHandler.java:1314)
		at org.thymeleaf.engine.OpenElementTag.beHandled(OpenElementTag.java:205)
		at org.thymeleaf.engine.TemplateModel.process(TemplateModel.java:136)
		at org.thymeleaf.engine.TemplateManager.parseAndProcess(TemplateManager.java:661)
		at org.thymeleaf.TemplateEngine.process(TemplateEngine.java:1098)
		at org.thymeleaf.TemplateEngine.process(TemplateEngine.java:1072)
		at org.thymeleaf.spring5.view.ThymeleafView.renderFragment(ThymeleafView.java:366)
		at org.thymeleaf.spring5.view.ThymeleafView.render(ThymeleafView.java:190)
		at org.springframework.web.servlet.DispatcherServlet.render(DispatcherServlet.java:1401)
		at org.springframework.web.servlet.DispatcherServlet.processDispatchResult(DispatcherServlet.java:1145)
		at org.springframework.web.servlet.DispatcherServlet.doDispatch(DispatcherServlet.java:1084)
		at org.springframework.web.servlet.DispatcherServlet.doService(DispatcherServlet.java:963)
		at org.springframework.web.servlet.FrameworkServlet.processRequest(FrameworkServlet.java:1006)
		at org.springframework.web.servlet.FrameworkServlet.doGet(FrameworkServlet.java:898)
		at javax.servlet.http.HttpServlet.service(HttpServlet.java:655)
		at org.springframework.web.servlet.FrameworkServlet.service(FrameworkServlet.java:883)
		at javax.servlet.http.HttpServlet.service(HttpServlet.java:764)
		at org.apache.catalina.core.ApplicationFilterChain.internalDoFilter(ApplicationFilterChain.java:227)
		at org.apache.catalina.core.ApplicationFilterChain.doFilter(ApplicationFilterChain.java:162)
		at org.apache.tomcat.websocket.server.WsFilter.doFilter(WsFilter.java:53)
		at org.apache.catalina.core.ApplicationFilterChain.internalDoFilter(ApplicationFilterChain.java:189)
		at org.apache.catalina.core.ApplicationFilterChain.doFilter(ApplicationFilterChain.java:162)
		at org.apache.catalina.filters.SetCharacterEncodingFilter.doFilter(SetCharacterEncodingFilter.java:109)
		at org.apache.catalina.core.ApplicationFilterChain.internalDoFilter(ApplicationFilterChain.java:189)
		at org.apache.catalina.core.ApplicationFilterChain.doFilter(ApplicationFilterChain.java:162)
		at org.apache.catalina.core.StandardWrapperValve.invoke(StandardWrapperValve.java:197)
		at org.apache.catalina.core.StandardContextValve.invoke(StandardContextValve.java:97)
		at org.apache.catalina.authenticator.AuthenticatorBase.invoke(AuthenticatorBase.java:541)
		at org.apache.catalina.core.StandardHostValve.invoke(StandardHostValve.java:135)
		at org.apache.catalina.valves.ErrorReportValve.invoke(ErrorReportValve.java:92)
		at org.apache.catalina.valves.AbstractAccessLogValve.invoke(AbstractAccessLogValve.java:687)
		at org.apache.catalina.core.StandardEngineValve.invoke(StandardEngineValve.java:78)
		at org.apache.catalina.connector.CoyoteAdapter.service(CoyoteAdapter.java:360)
		at org.apache.coyote.http11.Http11Processor.service(Http11Processor.java:399)
		at org.apache.coyote.AbstractProcessorLight.process(AbstractProcessorLight.java:65)
		at org.apache.coyote.AbstractProtocol$ConnectionHandler.process(AbstractProtocol.java:889)
		at org.apache.tomcat.util.net.NioEndpoint$SocketProcessor.doRun(NioEndpoint.java:1743)
		at org.apache.tomcat.util.net.SocketProcessorBase.run(SocketProcessorBase.java:49)
		at org.apache.tomcat.util.threads.ThreadPoolExecutor.runWorker(ThreadPoolExecutor.java:1191)
		at org.apache.tomcat.util.threads.ThreadPoolExecutor$Worker.run(ThreadPoolExecutor.java:659)
		at org.apache.tomcat.util.threads.TaskThread$WrappingRunnable.run(TaskThread.java:61)
		at java.base/java.lang.Thread.run(Thread.java:833)
12-May-2022 17:33:06.004 INFO [main] org.apache.catalina.core.ApplicationContext.log 1 Spring WebApplicationInitializers detected on classpath
12-May-2022 17:33:06.065 INFO [main] org.apache.catalina.core.ApplicationContext.log Initializing Spring root WebApplicationContext
12-May-2022 17:33:09.581 INFO [main] org.apache.catalina.core.ApplicationContext.log Initializing Spring DispatcherServlet 'dispatcher'
12-May-2022 17:33:12.048 INFO [main] org.apache.catalina.core.ApplicationContext.log ContextListener: contextInitialized()
12-May-2022 17:33:12.048 INFO [main] org.apache.catalina.core.ApplicationContext.log SessionListener: contextInitialized()
12-May-2022 17:33:12.050 INFO [main] org.apache.catalina.core.ApplicationContext.log ContextListener: attributeAdded('StockTicker', 'async.Stockticker@542024ac')
